{"C:\\Users\\meuti\\OneDrive\\Documents\\Glints\\kas-e\\index.js": {"path":"C:\\Users\\meuti\\OneDrive\\Documents\\Glints\\kas-e\\index.js","statementMap":{"0":{"start":{"line":1,"column":16},"end":{"line":1,"column":34}},"1":{"start":{"line":2,"column":12},"end":{"line":2,"column":21}},"2":{"start":{"line":3,"column":13},"end":{"line":3,"column":28}},"3":{"start":{"line":4,"column":15},"end":{"line":4,"column":40}},"4":{"start":{"line":5,"column":17},"end":{"line":5,"column":50}},"5":{"start":{"line":6,"column":16},"end":{"line":6,"column":41}},"6":{"start":{"line":7,"column":13},"end":{"line":7,"column":37}},"7":{"start":{"line":9,"column":0},"end":{"line":14,"column":2}},"8":{"start":{"line":15,"column":0},"end":{"line":15,"column":31}},"9":{"start":{"line":16,"column":0},"end":{"line":16,"column":28}},"10":{"start":{"line":17,"column":0},"end":{"line":17,"column":16}},"11":{"start":{"line":18,"column":0},"end":{"line":18,"column":24}},"12":{"start":{"line":19,"column":0},"end":{"line":19,"column":48}},"13":{"start":{"line":20,"column":0},"end":{"line":20,"column":27}},"14":{"start":{"line":21,"column":0},"end":{"line":23,"column":3}},"15":{"start":{"line":22,"column":4},"end":{"line":22,"column":62}},"16":{"start":{"line":24,"column":0},"end":{"line":29,"column":3}},"17":{"start":{"line":25,"column":4},"end":{"line":28,"column":7}},"18":{"start":{"line":30,"column":0},"end":{"line":32,"column":3}},"19":{"start":{"line":31,"column":4},"end":{"line":31,"column":43}},"20":{"start":{"line":34,"column":0},"end":{"line":38,"column":1}},"21":{"start":{"line":35,"column":4},"end":{"line":37,"column":7}},"22":{"start":{"line":36,"column":8},"end":{"line":36,"column":53}},"23":{"start":{"line":39,"column":0},"end":{"line":39,"column":25}}},"fnMap":{"0":{"name":"(anonymous_0)","decl":{"start":{"line":21,"column":8},"end":{"line":21,"column":9}},"loc":{"start":{"line":21,"column":35},"end":{"line":23,"column":1}},"line":21},"1":{"name":"(anonymous_1)","decl":{"start":{"line":24,"column":13},"end":{"line":24,"column":14}},"loc":{"start":{"line":24,"column":27},"end":{"line":29,"column":1}},"line":24},"2":{"name":"(anonymous_2)","decl":{"start":{"line":30,"column":13},"end":{"line":30,"column":14}},"loc":{"start":{"line":30,"column":27},"end":{"line":32,"column":1}},"line":30},"3":{"name":"(anonymous_3)","decl":{"start":{"line":35,"column":21},"end":{"line":35,"column":22}},"loc":{"start":{"line":35,"column":27},"end":{"line":37,"column":5}},"line":35}},"branchMap":{"0":{"loc":{"start":{"line":7,"column":13},"end":{"line":7,"column":37}},"type":"binary-expr","locations":[{"start":{"line":7,"column":13},"end":{"line":7,"column":29}},{"start":{"line":7,"column":33},"end":{"line":7,"column":37}}],"line":7},"1":{"loc":{"start":{"line":34,"column":0},"end":{"line":38,"column":1}},"type":"if","locations":[{"start":{"line":34,"column":0},"end":{"line":38,"column":1}},{"start":{},"end":{}}],"line":34}},"s":{"0":1,"1":1,"2":1,"3":1,"4":1,"5":1,"6":1,"7":1,"8":1,"9":1,"10":1,"11":1,"12":1,"13":1,"14":1,"15":0,"16":1,"17":0,"18":1,"19":0,"20":1,"21":0,"22":0,"23":1},"f":{"0":0,"1":0,"2":0,"3":0},"b":{"0":[1,1],"1":[0,1]},"_coverageSchema":"1a1c01bbd47fc00a2c39e90264f33305004495a9","hash":"d401db6d8682aa0f5e55c9e62f990b587371f07b"}
,"C:\\Users\\meuti\\OneDrive\\Documents\\Glints\\kas-e\\config\\config.js": {"path":"C:\\Users\\meuti\\OneDrive\\Documents\\Glints\\kas-e\\config\\config.js","statementMap":{"0":{"start":{"line":1,"column":0},"end":{"line":1,"column":27}},"1":{"start":{"line":3,"column":0},"end":{"line":25,"column":1}}},"fnMap":{},"branchMap":{},"s":{"0":1,"1":1},"f":{},"b":{},"_coverageSchema":"1a1c01bbd47fc00a2c39e90264f33305004495a9","hash":"a6b1c1166a7226f1f1c38567b40c66b67b325f43"}
,"C:\\Users\\meuti\\OneDrive\\Documents\\Glints\\kas-e\\controllers\\categoriesController.js": {"path":"C:\\Users\\meuti\\OneDrive\\Documents\\Glints\\kas-e\\controllers\\categoriesController.js","statementMap":{"0":{"start":{"line":1,"column":12},"end":{"line":1,"column":26}},"1":{"start":{"line":2,"column":23},"end":{"line":2,"column":43}},"2":{"start":{"line":3,"column":13},"end":{"line":3,"column":28}},"3":{"start":{"line":5,"column":0},"end":{"line":173,"column":2}},"4":{"start":{"line":7,"column":17},"end":{"line":7,"column":25}},"5":{"start":{"line":8,"column":4},"end":{"line":53,"column":5}},"6":{"start":{"line":9,"column":21},"end":{"line":12,"column":8}},"7":{"start":{"line":14,"column":24},"end":{"line":20,"column":7}},"8":{"start":{"line":22,"column":6},"end":{"line":28,"column":7}},"9":{"start":{"line":23,"column":8},"end":{"line":27,"column":11}},"10":{"start":{"line":30,"column":20},"end":{"line":33,"column":8}},"11":{"start":{"line":35,"column":6},"end":{"line":41,"column":7}},"12":{"start":{"line":36,"column":8},"end":{"line":40,"column":11}},"13":{"start":{"line":42,"column":6},"end":{"line":46,"column":9}},"14":{"start":{"line":48,"column":6},"end":{"line":52,"column":9}},"15":{"start":{"line":56,"column":4},"end":{"line":78,"column":5}},"16":{"start":{"line":57,"column":23},"end":{"line":59,"column":8}},"17":{"start":{"line":60,"column":6},"end":{"line":66,"column":7}},"18":{"start":{"line":61,"column":8},"end":{"line":65,"column":11}},"19":{"start":{"line":67,"column":6},"end":{"line":71,"column":9}},"20":{"start":{"line":73,"column":6},"end":{"line":77,"column":9}},"21":{"start":{"line":81,"column":17},"end":{"line":81,"column":25}},"22":{"start":{"line":82,"column":4},"end":{"line":144,"column":5}},"23":{"start":{"line":83,"column":21},"end":{"line":87,"column":8}},"24":{"start":{"line":89,"column":24},"end":{"line":96,"column":7}},"25":{"start":{"line":98,"column":6},"end":{"line":104,"column":7}},"26":{"start":{"line":99,"column":8},"end":{"line":103,"column":11}},"27":{"start":{"line":106,"column":30},"end":{"line":117,"column":7}},"28":{"start":{"line":119,"column":6},"end":{"line":125,"column":7}},"29":{"start":{"line":120,"column":8},"end":{"line":124,"column":11}},"30":{"start":{"line":127,"column":19},"end":{"line":131,"column":8}},"31":{"start":{"line":133,"column":6},"end":{"line":137,"column":9}},"32":{"start":{"line":139,"column":6},"end":{"line":143,"column":9}},"33":{"start":{"line":147,"column":15},"end":{"line":147,"column":28}},"34":{"start":{"line":148,"column":4},"end":{"line":171,"column":5}},"35":{"start":{"line":149,"column":20},"end":{"line":153,"column":8}},"36":{"start":{"line":154,"column":6},"end":{"line":160,"column":7}},"37":{"start":{"line":155,"column":8},"end":{"line":159,"column":11}},"38":{"start":{"line":161,"column":6},"end":{"line":164,"column":9}},"39":{"start":{"line":166,"column":6},"end":{"line":170,"column":9}}},"fnMap":{"0":{"name":"(anonymous_0)","decl":{"start":{"line":6,"column":16},"end":{"line":6,"column":17}},"loc":{"start":{"line":6,"column":36},"end":{"line":54,"column":3}},"line":6},"1":{"name":"(anonymous_1)","decl":{"start":{"line":55,"column":15},"end":{"line":55,"column":16}},"loc":{"start":{"line":55,"column":35},"end":{"line":79,"column":3}},"line":55},"2":{"name":"(anonymous_2)","decl":{"start":{"line":80,"column":18},"end":{"line":80,"column":19}},"loc":{"start":{"line":80,"column":38},"end":{"line":145,"column":3}},"line":80},"3":{"name":"(anonymous_3)","decl":{"start":{"line":146,"column":18},"end":{"line":146,"column":19}},"loc":{"start":{"line":146,"column":38},"end":{"line":172,"column":3}},"line":146}},"branchMap":{"0":{"loc":{"start":{"line":22,"column":6},"end":{"line":28,"column":7}},"type":"if","locations":[{"start":{"line":22,"column":6},"end":{"line":28,"column":7}},{"start":{},"end":{}}],"line":22},"1":{"loc":{"start":{"line":35,"column":6},"end":{"line":41,"column":7}},"type":"if","locations":[{"start":{"line":35,"column":6},"end":{"line":41,"column":7}},{"start":{},"end":{}}],"line":35},"2":{"loc":{"start":{"line":60,"column":6},"end":{"line":66,"column":7}},"type":"if","locations":[{"start":{"line":60,"column":6},"end":{"line":66,"column":7}},{"start":{},"end":{}}],"line":60},"3":{"loc":{"start":{"line":92,"column":21},"end":{"line":92,"column":59}},"type":"cond-expr","locations":[{"start":{"line":92,"column":32},"end":{"line":92,"column":45}},{"start":{"line":92,"column":48},"end":{"line":92,"column":59}}],"line":92},"4":{"loc":{"start":{"line":98,"column":6},"end":{"line":104,"column":7}},"type":"if","locations":[{"start":{"line":98,"column":6},"end":{"line":104,"column":7}},{"start":{},"end":{}}],"line":98},"5":{"loc":{"start":{"line":109,"column":11},"end":{"line":109,"column":40}},"type":"cond-expr","locations":[{"start":{"line":109,"column":22},"end":{"line":109,"column":33}},{"start":{"line":109,"column":36},"end":{"line":109,"column":40}}],"line":109},"6":{"loc":{"start":{"line":109,"column":43},"end":{"line":109,"column":74}},"type":"cond-expr","locations":[{"start":{"line":109,"column":54},"end":{"line":109,"column":67}},{"start":{"line":109,"column":70},"end":{"line":109,"column":74}}],"line":109},"7":{"loc":{"start":{"line":119,"column":6},"end":{"line":125,"column":7}},"type":"if","locations":[{"start":{"line":119,"column":6},"end":{"line":125,"column":7}},{"start":{},"end":{}}],"line":119},"8":{"loc":{"start":{"line":154,"column":6},"end":{"line":160,"column":7}},"type":"if","locations":[{"start":{"line":154,"column":6},"end":{"line":160,"column":7}},{"start":{},"end":{}}],"line":154}},"s":{"0":1,"1":1,"2":1,"3":1,"4":0,"5":0,"6":0,"7":0,"8":0,"9":0,"10":0,"11":0,"12":0,"13":0,"14":0,"15":0,"16":0,"17":0,"18":0,"19":0,"20":0,"21":0,"22":0,"23":0,"24":0,"25":0,"26":0,"27":0,"28":0,"29":0,"30":0,"31":0,"32":0,"33":0,"34":0,"35":0,"36":0,"37":0,"38":0,"39":0},"f":{"0":0,"1":0,"2":0,"3":0},"b":{"0":[0,0],"1":[0,0],"2":[0,0],"3":[0,0],"4":[0,0],"5":[0,0],"6":[0,0],"7":[0,0],"8":[0,0]},"_coverageSchema":"1a1c01bbd47fc00a2c39e90264f33305004495a9","hash":"9861bd9094a7f087a48ed26290ec9cfab77ef168"}
,"C:\\Users\\meuti\\OneDrive\\Documents\\Glints\\kas-e\\controllers\\limitsController.js": {"path":"C:\\Users\\meuti\\OneDrive\\Documents\\Glints\\kas-e\\controllers\\limitsController.js","statementMap":{"0":{"start":{"line":1,"column":12},"end":{"line":1,"column":26}},"1":{"start":{"line":2,"column":31},"end":{"line":2,"column":51}},"2":{"start":{"line":4,"column":0},"end":{"line":246,"column":2}},"3":{"start":{"line":6,"column":17},"end":{"line":6,"column":25}},"4":{"start":{"line":7,"column":17},"end":{"line":7,"column":25}},"5":{"start":{"line":8,"column":21},"end":{"line":8,"column":51}},"6":{"start":{"line":8,"column":37},"end":{"line":8,"column":50}},"7":{"start":{"line":9,"column":18},"end":{"line":9,"column":42}},"8":{"start":{"line":9,"column":34},"end":{"line":9,"column":41}},"9":{"start":{"line":10,"column":20},"end":{"line":10,"column":46}},"10":{"start":{"line":10,"column":36},"end":{"line":10,"column":45}},"11":{"start":{"line":11,"column":17},"end":{"line":11,"column":19}},"12":{"start":{"line":12,"column":4},"end":{"line":20,"column":5}},"13":{"start":{"line":12,"column":17},"end":{"line":12,"column":18}},"14":{"start":{"line":13,"column":6},"end":{"line":19,"column":9}},"15":{"start":{"line":21,"column":4},"end":{"line":81,"column":5}},"16":{"start":{"line":61,"column":20},"end":{"line":61,"column":49}},"17":{"start":{"line":63,"column":6},"end":{"line":69,"column":7}},"18":{"start":{"line":64,"column":8},"end":{"line":68,"column":11}},"19":{"start":{"line":70,"column":6},"end":{"line":74,"column":9}},"20":{"start":{"line":76,"column":6},"end":{"line":80,"column":9}},"21":{"start":{"line":84,"column":17},"end":{"line":84,"column":25}},"22":{"start":{"line":85,"column":4},"end":{"line":115,"column":5}},"23":{"start":{"line":86,"column":20},"end":{"line":96,"column":8}},"24":{"start":{"line":97,"column":6},"end":{"line":103,"column":7}},"25":{"start":{"line":98,"column":8},"end":{"line":102,"column":11}},"26":{"start":{"line":104,"column":6},"end":{"line":108,"column":9}},"27":{"start":{"line":110,"column":6},"end":{"line":114,"column":9}},"28":{"start":{"line":118,"column":17},"end":{"line":118,"column":25}},"29":{"start":{"line":119,"column":4},"end":{"line":150,"column":5}},"30":{"start":{"line":120,"column":20},"end":{"line":131,"column":8}},"31":{"start":{"line":132,"column":6},"end":{"line":138,"column":7}},"32":{"start":{"line":133,"column":8},"end":{"line":137,"column":11}},"33":{"start":{"line":139,"column":6},"end":{"line":143,"column":9}},"34":{"start":{"line":145,"column":6},"end":{"line":149,"column":9}},"35":{"start":{"line":153,"column":17},"end":{"line":153,"column":25}},"36":{"start":{"line":154,"column":17},"end":{"line":154,"column":25}},"37":{"start":{"line":155,"column":4},"end":{"line":215,"column":5}},"38":{"start":{"line":156,"column":21},"end":{"line":159,"column":8}},"39":{"start":{"line":161,"column":24},"end":{"line":167,"column":7}},"40":{"start":{"line":169,"column":6},"end":{"line":175,"column":7}},"41":{"start":{"line":170,"column":8},"end":{"line":174,"column":11}},"42":{"start":{"line":177,"column":27},"end":{"line":187,"column":7}},"43":{"start":{"line":189,"column":6},"end":{"line":195,"column":7}},"44":{"start":{"line":190,"column":8},"end":{"line":194,"column":11}},"45":{"start":{"line":197,"column":19},"end":{"line":202,"column":8}},"46":{"start":{"line":204,"column":6},"end":{"line":208,"column":9}},"47":{"start":{"line":210,"column":6},"end":{"line":214,"column":9}},"48":{"start":{"line":218,"column":17},"end":{"line":218,"column":25}},"49":{"start":{"line":219,"column":16},"end":{"line":219,"column":24}},"50":{"start":{"line":220,"column":4},"end":{"line":244,"column":5}},"51":{"start":{"line":221,"column":20},"end":{"line":226,"column":8}},"52":{"start":{"line":227,"column":6},"end":{"line":233,"column":7}},"53":{"start":{"line":228,"column":8},"end":{"line":232,"column":11}},"54":{"start":{"line":234,"column":6},"end":{"line":237,"column":9}},"55":{"start":{"line":239,"column":6},"end":{"line":243,"column":9}}},"fnMap":{"0":{"name":"(anonymous_0)","decl":{"start":{"line":5,"column":13},"end":{"line":5,"column":14}},"loc":{"start":{"line":5,"column":33},"end":{"line":82,"column":3}},"line":5},"1":{"name":"(anonymous_1)","decl":{"start":{"line":8,"column":30},"end":{"line":8,"column":31}},"loc":{"start":{"line":8,"column":37},"end":{"line":8,"column":50}},"line":8},"2":{"name":"(anonymous_2)","decl":{"start":{"line":9,"column":27},"end":{"line":9,"column":28}},"loc":{"start":{"line":9,"column":34},"end":{"line":9,"column":41}},"line":9},"3":{"name":"(anonymous_3)","decl":{"start":{"line":10,"column":29},"end":{"line":10,"column":30}},"loc":{"start":{"line":10,"column":36},"end":{"line":10,"column":45}},"line":10},"4":{"name":"(anonymous_4)","decl":{"start":{"line":83,"column":15},"end":{"line":83,"column":16}},"loc":{"start":{"line":83,"column":35},"end":{"line":116,"column":3}},"line":83},"5":{"name":"(anonymous_5)","decl":{"start":{"line":117,"column":12},"end":{"line":117,"column":13}},"loc":{"start":{"line":117,"column":32},"end":{"line":151,"column":3}},"line":117},"6":{"name":"(anonymous_6)","decl":{"start":{"line":152,"column":15},"end":{"line":152,"column":16}},"loc":{"start":{"line":152,"column":35},"end":{"line":216,"column":3}},"line":152},"7":{"name":"(anonymous_7)","decl":{"start":{"line":217,"column":15},"end":{"line":217,"column":16}},"loc":{"start":{"line":217,"column":35},"end":{"line":245,"column":3}},"line":217}},"branchMap":{"0":{"loc":{"start":{"line":63,"column":6},"end":{"line":69,"column":7}},"type":"if","locations":[{"start":{"line":63,"column":6},"end":{"line":69,"column":7}},{"start":{},"end":{}}],"line":63},"1":{"loc":{"start":{"line":97,"column":6},"end":{"line":103,"column":7}},"type":"if","locations":[{"start":{"line":97,"column":6},"end":{"line":103,"column":7}},{"start":{},"end":{}}],"line":97},"2":{"loc":{"start":{"line":132,"column":6},"end":{"line":138,"column":7}},"type":"if","locations":[{"start":{"line":132,"column":6},"end":{"line":138,"column":7}},{"start":{},"end":{}}],"line":132},"3":{"loc":{"start":{"line":169,"column":6},"end":{"line":175,"column":7}},"type":"if","locations":[{"start":{"line":169,"column":6},"end":{"line":175,"column":7}},{"start":{},"end":{}}],"line":169},"4":{"loc":{"start":{"line":189,"column":6},"end":{"line":195,"column":7}},"type":"if","locations":[{"start":{"line":189,"column":6},"end":{"line":195,"column":7}},{"start":{},"end":{}}],"line":189},"5":{"loc":{"start":{"line":227,"column":6},"end":{"line":233,"column":7}},"type":"if","locations":[{"start":{"line":227,"column":6},"end":{"line":233,"column":7}},{"start":{},"end":{}}],"line":227}},"s":{"0":1,"1":1,"2":1,"3":0,"4":0,"5":0,"6":0,"7":0,"8":0,"9":0,"10":0,"11":0,"12":0,"13":0,"14":0,"15":0,"16":0,"17":0,"18":0,"19":0,"20":0,"21":0,"22":0,"23":0,"24":0,"25":0,"26":0,"27":0,"28":0,"29":0,"30":0,"31":0,"32":0,"33":0,"34":0,"35":0,"36":0,"37":0,"38":0,"39":0,"40":0,"41":0,"42":0,"43":0,"44":0,"45":0,"46":0,"47":0,"48":0,"49":0,"50":0,"51":0,"52":0,"53":0,"54":0,"55":0},"f":{"0":0,"1":0,"2":0,"3":0,"4":0,"5":0,"6":0,"7":0},"b":{"0":[0,0],"1":[0,0],"2":[0,0],"3":[0,0],"4":[0,0],"5":[0,0]},"_coverageSchema":"1a1c01bbd47fc00a2c39e90264f33305004495a9","hash":"79f86f9ee92a1feb7d24a2e800a8026b57487941"}
,"C:\\Users\\meuti\\OneDrive\\Documents\\Glints\\kas-e\\controllers\\profilesController.js": {"path":"C:\\Users\\meuti\\OneDrive\\Documents\\Glints\\kas-e\\controllers\\profilesController.js","statementMap":{"0":{"start":{"line":1,"column":28},"end":{"line":1,"column":48}},"1":{"start":{"line":2,"column":12},"end":{"line":2,"column":26}},"2":{"start":{"line":3,"column":31},"end":{"line":3,"column":59}},"3":{"start":{"line":4,"column":13},"end":{"line":4,"column":28}},"4":{"start":{"line":6,"column":0},"end":{"line":187,"column":2}},"5":{"start":{"line":8,"column":17},"end":{"line":8,"column":25}},"6":{"start":{"line":10,"column":4},"end":{"line":39,"column":5}},"7":{"start":{"line":11,"column":24},"end":{"line":18,"column":8}},"8":{"start":{"line":20,"column":6},"end":{"line":26,"column":7}},"9":{"start":{"line":21,"column":8},"end":{"line":25,"column":11}},"10":{"start":{"line":28,"column":6},"end":{"line":32,"column":9}},"11":{"start":{"line":34,"column":6},"end":{"line":38,"column":9}},"12":{"start":{"line":42,"column":17},"end":{"line":42,"column":25}},"13":{"start":{"line":43,"column":17},"end":{"line":43,"column":25}},"14":{"start":{"line":45,"column":4},"end":{"line":162,"column":5}},"15":{"start":{"line":46,"column":21},"end":{"line":54,"column":8}},"16":{"start":{"line":56,"column":24},"end":{"line":67,"column":7}},"17":{"start":{"line":69,"column":6},"end":{"line":75,"column":7}},"18":{"start":{"line":70,"column":8},"end":{"line":74,"column":11}},"19":{"start":{"line":73,"column":56},"end":{"line":73,"column":63}},"20":{"start":{"line":77,"column":6},"end":{"line":103,"column":7}},"21":{"start":{"line":78,"column":24},"end":{"line":82,"column":10}},"22":{"start":{"line":84,"column":30},"end":{"line":87,"column":9}},"23":{"start":{"line":89,"column":8},"end":{"line":95,"column":9}},"24":{"start":{"line":90,"column":10},"end":{"line":94,"column":13}},"25":{"start":{"line":97,"column":31},"end":{"line":97,"column":53}},"26":{"start":{"line":99,"column":8},"end":{"line":102,"column":10}},"27":{"start":{"line":105,"column":25},"end":{"line":113,"column":7}},"28":{"start":{"line":114,"column":6},"end":{"line":119,"column":7}},"29":{"start":{"line":115,"column":8},"end":{"line":118,"column":11}},"30":{"start":{"line":121,"column":28},"end":{"line":133,"column":7}},"31":{"start":{"line":135,"column":6},"end":{"line":141,"column":7}},"32":{"start":{"line":136,"column":8},"end":{"line":140,"column":11}},"33":{"start":{"line":143,"column":19},"end":{"line":149,"column":8}},"34":{"start":{"line":151,"column":6},"end":{"line":155,"column":9}},"35":{"start":{"line":157,"column":6},"end":{"line":161,"column":9}},"36":{"start":{"line":165,"column":15},"end":{"line":165,"column":28}},"37":{"start":{"line":166,"column":4},"end":{"line":185,"column":5}},"38":{"start":{"line":167,"column":24},"end":{"line":167,"column":65}},"39":{"start":{"line":168,"column":6},"end":{"line":174,"column":7}},"40":{"start":{"line":169,"column":8},"end":{"line":173,"column":11}},"41":{"start":{"line":175,"column":6},"end":{"line":178,"column":9}},"42":{"start":{"line":180,"column":6},"end":{"line":184,"column":9}}},"fnMap":{"0":{"name":"(anonymous_0)","decl":{"start":{"line":7,"column":16},"end":{"line":7,"column":17}},"loc":{"start":{"line":7,"column":36},"end":{"line":40,"column":3}},"line":7},"1":{"name":"(anonymous_1)","decl":{"start":{"line":41,"column":17},"end":{"line":41,"column":18}},"loc":{"start":{"line":41,"column":37},"end":{"line":163,"column":3}},"line":41},"2":{"name":"(anonymous_2)","decl":{"start":{"line":73,"column":39},"end":{"line":73,"column":40}},"loc":{"start":{"line":73,"column":56},"end":{"line":73,"column":63}},"line":73},"3":{"name":"(anonymous_3)","decl":{"start":{"line":164,"column":15},"end":{"line":164,"column":16}},"loc":{"start":{"line":164,"column":35},"end":{"line":186,"column":3}},"line":164}},"branchMap":{"0":{"loc":{"start":{"line":20,"column":6},"end":{"line":26,"column":7}},"type":"if","locations":[{"start":{"line":20,"column":6},"end":{"line":26,"column":7}},{"start":{},"end":{}}],"line":20},"1":{"loc":{"start":{"line":64,"column":26},"end":{"line":64,"column":69}},"type":"cond-expr","locations":[{"start":{"line":64,"column":37},"end":{"line":64,"column":50}},{"start":{"line":64,"column":53},"end":{"line":64,"column":69}}],"line":64},"2":{"loc":{"start":{"line":69,"column":6},"end":{"line":75,"column":7}},"type":"if","locations":[{"start":{"line":69,"column":6},"end":{"line":75,"column":7}},{"start":{},"end":{}}],"line":69},"3":{"loc":{"start":{"line":77,"column":6},"end":{"line":103,"column":7}},"type":"if","locations":[{"start":{"line":77,"column":6},"end":{"line":103,"column":7}},{"start":{},"end":{}}],"line":77},"4":{"loc":{"start":{"line":89,"column":8},"end":{"line":95,"column":9}},"type":"if","locations":[{"start":{"line":89,"column":8},"end":{"line":95,"column":9}},{"start":{},"end":{}}],"line":89},"5":{"loc":{"start":{"line":114,"column":6},"end":{"line":119,"column":7}},"type":"if","locations":[{"start":{"line":114,"column":6},"end":{"line":119,"column":7}},{"start":{},"end":{}}],"line":114},"6":{"loc":{"start":{"line":126,"column":11},"end":{"line":126,"column":45}},"type":"cond-expr","locations":[{"start":{"line":126,"column":22},"end":{"line":126,"column":38}},{"start":{"line":126,"column":41},"end":{"line":126,"column":45}}],"line":126},"7":{"loc":{"start":{"line":126,"column":48},"end":{"line":126,"column":79}},"type":"cond-expr","locations":[{"start":{"line":126,"column":59},"end":{"line":126,"column":72}},{"start":{"line":126,"column":75},"end":{"line":126,"column":79}}],"line":126},"8":{"loc":{"start":{"line":135,"column":6},"end":{"line":141,"column":7}},"type":"if","locations":[{"start":{"line":135,"column":6},"end":{"line":141,"column":7}},{"start":{},"end":{}}],"line":135},"9":{"loc":{"start":{"line":168,"column":6},"end":{"line":174,"column":7}},"type":"if","locations":[{"start":{"line":168,"column":6},"end":{"line":174,"column":7}},{"start":{},"end":{}}],"line":168}},"s":{"0":1,"1":1,"2":1,"3":1,"4":1,"5":0,"6":0,"7":0,"8":0,"9":0,"10":0,"11":0,"12":0,"13":0,"14":0,"15":0,"16":0,"17":0,"18":0,"19":0,"20":0,"21":0,"22":0,"23":0,"24":0,"25":0,"26":0,"27":0,"28":0,"29":0,"30":0,"31":0,"32":0,"33":0,"34":0,"35":0,"36":0,"37":0,"38":0,"39":0,"40":0,"41":0,"42":0},"f":{"0":0,"1":0,"2":0,"3":0},"b":{"0":[0,0],"1":[0,0],"2":[0,0],"3":[0,0],"4":[0,0],"5":[0,0],"6":[0,0],"7":[0,0],"8":[0,0],"9":[0,0]},"_coverageSchema":"1a1c01bbd47fc00a2c39e90264f33305004495a9","hash":"70b77911e93e25a763109757fd42ac87215d8894"}
,"C:\\Users\\meuti\\OneDrive\\Documents\\Glints\\kas-e\\controllers\\reportsController.js": {"path":"C:\\Users\\meuti\\OneDrive\\Documents\\Glints\\kas-e\\controllers\\reportsController.js","statementMap":{"0":{"start":{"line":1,"column":44},"end":{"line":1,"column":64}},"1":{"start":{"line":2,"column":15},"end":{"line":2,"column":35}},"2":{"start":{"line":5,"column":0},"end":{"line":197,"column":2}},"3":{"start":{"line":7,"column":17},"end":{"line":7,"column":25}},"4":{"start":{"line":8,"column":15},"end":{"line":8,"column":29}},"5":{"start":{"line":9,"column":4},"end":{"line":100,"column":5}},"6":{"start":{"line":10,"column":6},"end":{"line":12,"column":7}},"7":{"start":{"line":11,"column":8},"end":{"line":11,"column":26}},"8":{"start":{"line":13,"column":22},"end":{"line":29,"column":8}},"9":{"start":{"line":31,"column":6},"end":{"line":37,"column":7}},"10":{"start":{"line":32,"column":8},"end":{"line":36,"column":11}},"11":{"start":{"line":39,"column":24},"end":{"line":56,"column":8}},"12":{"start":{"line":58,"column":6},"end":{"line":64,"column":7}},"13":{"start":{"line":59,"column":8},"end":{"line":63,"column":11}},"14":{"start":{"line":66,"column":6},"end":{"line":87,"column":7}},"15":{"start":{"line":67,"column":8},"end":{"line":72,"column":11}},"16":{"start":{"line":73,"column":13},"end":{"line":87,"column":7}},"17":{"start":{"line":74,"column":8},"end":{"line":79,"column":11}},"18":{"start":{"line":80,"column":13},"end":{"line":87,"column":7}},"19":{"start":{"line":81,"column":8},"end":{"line":86,"column":11}},"20":{"start":{"line":88,"column":6},"end":{"line":93,"column":9}},"21":{"start":{"line":95,"column":6},"end":{"line":99,"column":9}},"22":{"start":{"line":103,"column":17},"end":{"line":103,"column":25}},"23":{"start":{"line":104,"column":15},"end":{"line":104,"column":29}},"24":{"start":{"line":105,"column":4},"end":{"line":195,"column":5}},"25":{"start":{"line":106,"column":6},"end":{"line":108,"column":7}},"26":{"start":{"line":107,"column":8},"end":{"line":107,"column":26}},"27":{"start":{"line":109,"column":22},"end":{"line":125,"column":8}},"28":{"start":{"line":127,"column":6},"end":{"line":133,"column":7}},"29":{"start":{"line":128,"column":8},"end":{"line":132,"column":11}},"30":{"start":{"line":135,"column":24},"end":{"line":152,"column":8}},"31":{"start":{"line":153,"column":6},"end":{"line":159,"column":7}},"32":{"start":{"line":154,"column":8},"end":{"line":158,"column":11}},"33":{"start":{"line":160,"column":6},"end":{"line":181,"column":7}},"34":{"start":{"line":161,"column":8},"end":{"line":166,"column":11}},"35":{"start":{"line":167,"column":13},"end":{"line":181,"column":7}},"36":{"start":{"line":168,"column":8},"end":{"line":173,"column":11}},"37":{"start":{"line":174,"column":13},"end":{"line":181,"column":7}},"38":{"start":{"line":175,"column":8},"end":{"line":180,"column":11}},"39":{"start":{"line":182,"column":6},"end":{"line":187,"column":9}},"40":{"start":{"line":189,"column":6},"end":{"line":189,"column":25}},"41":{"start":{"line":190,"column":6},"end":{"line":194,"column":9}}},"fnMap":{"0":{"name":"(anonymous_0)","decl":{"start":{"line":6,"column":12},"end":{"line":6,"column":13}},"loc":{"start":{"line":6,"column":32},"end":{"line":101,"column":3}},"line":6},"1":{"name":"(anonymous_1)","decl":{"start":{"line":102,"column":14},"end":{"line":102,"column":15}},"loc":{"start":{"line":102,"column":34},"end":{"line":196,"column":3}},"line":102}},"branchMap":{"0":{"loc":{"start":{"line":10,"column":6},"end":{"line":12,"column":7}},"type":"if","locations":[{"start":{"line":10,"column":6},"end":{"line":12,"column":7}},{"start":{},"end":{}}],"line":10},"1":{"loc":{"start":{"line":31,"column":6},"end":{"line":37,"column":7}},"type":"if","locations":[{"start":{"line":31,"column":6},"end":{"line":37,"column":7}},{"start":{},"end":{}}],"line":31},"2":{"loc":{"start":{"line":58,"column":6},"end":{"line":64,"column":7}},"type":"if","locations":[{"start":{"line":58,"column":6},"end":{"line":64,"column":7}},{"start":{},"end":{}}],"line":58},"3":{"loc":{"start":{"line":66,"column":6},"end":{"line":87,"column":7}},"type":"if","locations":[{"start":{"line":66,"column":6},"end":{"line":87,"column":7}},{"start":{"line":73,"column":13},"end":{"line":87,"column":7}}],"line":66},"4":{"loc":{"start":{"line":66,"column":10},"end":{"line":66,"column":54}},"type":"binary-expr","locations":[{"start":{"line":66,"column":10},"end":{"line":66,"column":29}},{"start":{"line":66,"column":33},"end":{"line":66,"column":54}}],"line":66},"5":{"loc":{"start":{"line":73,"column":13},"end":{"line":87,"column":7}},"type":"if","locations":[{"start":{"line":73,"column":13},"end":{"line":87,"column":7}},{"start":{"line":80,"column":13},"end":{"line":87,"column":7}}],"line":73},"6":{"loc":{"start":{"line":80,"column":13},"end":{"line":87,"column":7}},"type":"if","locations":[{"start":{"line":80,"column":13},"end":{"line":87,"column":7}},{"start":{},"end":{}}],"line":80},"7":{"loc":{"start":{"line":106,"column":6},"end":{"line":108,"column":7}},"type":"if","locations":[{"start":{"line":106,"column":6},"end":{"line":108,"column":7}},{"start":{},"end":{}}],"line":106},"8":{"loc":{"start":{"line":127,"column":6},"end":{"line":133,"column":7}},"type":"if","locations":[{"start":{"line":127,"column":6},"end":{"line":133,"column":7}},{"start":{},"end":{}}],"line":127},"9":{"loc":{"start":{"line":153,"column":6},"end":{"line":159,"column":7}},"type":"if","locations":[{"start":{"line":153,"column":6},"end":{"line":159,"column":7}},{"start":{},"end":{}}],"line":153},"10":{"loc":{"start":{"line":160,"column":6},"end":{"line":181,"column":7}},"type":"if","locations":[{"start":{"line":160,"column":6},"end":{"line":181,"column":7}},{"start":{"line":167,"column":13},"end":{"line":181,"column":7}}],"line":160},"11":{"loc":{"start":{"line":160,"column":10},"end":{"line":160,"column":54}},"type":"binary-expr","locations":[{"start":{"line":160,"column":10},"end":{"line":160,"column":29}},{"start":{"line":160,"column":33},"end":{"line":160,"column":54}}],"line":160},"12":{"loc":{"start":{"line":167,"column":13},"end":{"line":181,"column":7}},"type":"if","locations":[{"start":{"line":167,"column":13},"end":{"line":181,"column":7}},{"start":{"line":174,"column":13},"end":{"line":181,"column":7}}],"line":167},"13":{"loc":{"start":{"line":174,"column":13},"end":{"line":181,"column":7}},"type":"if","locations":[{"start":{"line":174,"column":13},"end":{"line":181,"column":7}},{"start":{},"end":{}}],"line":174}},"s":{"0":1,"1":1,"2":1,"3":0,"4":0,"5":0,"6":0,"7":0,"8":0,"9":0,"10":0,"11":0,"12":0,"13":0,"14":0,"15":0,"16":0,"17":0,"18":0,"19":0,"20":0,"21":0,"22":0,"23":0,"24":0,"25":0,"26":0,"27":0,"28":0,"29":0,"30":0,"31":0,"32":0,"33":0,"34":0,"35":0,"36":0,"37":0,"38":0,"39":0,"40":0,"41":0},"f":{"0":0,"1":0},"b":{"0":[0,0],"1":[0,0],"2":[0,0],"3":[0,0],"4":[0,0],"5":[0,0],"6":[0,0],"7":[0,0],"8":[0,0],"9":[0,0],"10":[0,0],"11":[0,0],"12":[0,0],"13":[0,0]},"_coverageSchema":"1a1c01bbd47fc00a2c39e90264f33305004495a9","hash":"015860261b2e24d37f1e11451d6954fb391862ff"}
,"C:\\Users\\meuti\\OneDrive\\Documents\\Glints\\kas-e\\controllers\\safesController.js": {"path":"C:\\Users\\meuti\\OneDrive\\Documents\\Glints\\kas-e\\controllers\\safesController.js","statementMap":{"0":{"start":{"line":1,"column":25},"end":{"line":1,"column":45}},"1":{"start":{"line":2,"column":12},"end":{"line":2,"column":26}},"2":{"start":{"line":3,"column":15},"end":{"line":3,"column":35}},"3":{"start":{"line":5,"column":0},"end":{"line":250,"column":2}},"4":{"start":{"line":7,"column":17},"end":{"line":7,"column":25}},"5":{"start":{"line":8,"column":17},"end":{"line":8,"column":25}},"6":{"start":{"line":9,"column":4},"end":{"line":57,"column":5}},"7":{"start":{"line":10,"column":21},"end":{"line":14,"column":8}},"8":{"start":{"line":15,"column":20},"end":{"line":22,"column":7}},"9":{"start":{"line":24,"column":6},"end":{"line":31,"column":7}},"10":{"start":{"line":25,"column":8},"end":{"line":30,"column":11}},"11":{"start":{"line":33,"column":19},"end":{"line":38,"column":8}},"12":{"start":{"line":39,"column":6},"end":{"line":50,"column":7}},"13":{"start":{"line":40,"column":8},"end":{"line":44,"column":11}},"14":{"start":{"line":46,"column":8},"end":{"line":49,"column":11}},"15":{"start":{"line":52,"column":6},"end":{"line":56,"column":9}},"16":{"start":{"line":60,"column":17},"end":{"line":60,"column":25}},"17":{"start":{"line":61,"column":15},"end":{"line":61,"column":25}},"18":{"start":{"line":62,"column":4},"end":{"line":100,"column":5}},"19":{"start":{"line":63,"column":19},"end":{"line":80,"column":8}},"20":{"start":{"line":82,"column":6},"end":{"line":93,"column":7}},"21":{"start":{"line":83,"column":8},"end":{"line":87,"column":11}},"22":{"start":{"line":89,"column":8},"end":{"line":92,"column":11}},"23":{"start":{"line":95,"column":6},"end":{"line":99,"column":9}},"24":{"start":{"line":104,"column":21},"end":{"line":104,"column":29}},"25":{"start":{"line":105,"column":21},"end":{"line":105,"column":29}},"26":{"start":{"line":106,"column":8},"end":{"line":220,"column":9}},"27":{"start":{"line":107,"column":27},"end":{"line":111,"column":14}},"28":{"start":{"line":113,"column":30},"end":{"line":117,"column":37}},"29":{"start":{"line":119,"column":12},"end":{"line":126,"column":13}},"30":{"start":{"line":120,"column":16},"end":{"line":125,"column":19}},"31":{"start":{"line":128,"column":29},"end":{"line":139,"column":14}},"32":{"start":{"line":141,"column":12},"end":{"line":147,"column":13}},"33":{"start":{"line":142,"column":16},"end":{"line":146,"column":18}},"34":{"start":{"line":149,"column":30},"end":{"line":151,"column":14}},"35":{"start":{"line":150,"column":16},"end":{"line":150,"column":39}},"36":{"start":{"line":153,"column":31},"end":{"line":155,"column":14}},"37":{"start":{"line":154,"column":16},"end":{"line":154,"column":29}},"38":{"start":{"line":157,"column":31},"end":{"line":157,"column":64}},"39":{"start":{"line":159,"column":25},"end":{"line":164,"column":14}},"40":{"start":{"line":167,"column":12},"end":{"line":181,"column":13}},"41":{"start":{"line":168,"column":34},"end":{"line":168,"column":105}},"42":{"start":{"line":169,"column":16},"end":{"line":180,"column":19}},"43":{"start":{"line":183,"column":12},"end":{"line":192,"column":15}},"44":{"start":{"line":194,"column":12},"end":{"line":200,"column":13}},"45":{"start":{"line":195,"column":16},"end":{"line":199,"column":18}},"46":{"start":{"line":202,"column":25},"end":{"line":207,"column":14}},"47":{"start":{"line":209,"column":12},"end":{"line":213,"column":15}},"48":{"start":{"line":215,"column":12},"end":{"line":219,"column":14}},"49":{"start":{"line":223,"column":4},"end":{"line":248,"column":5}},"50":{"start":{"line":224,"column":26},"end":{"line":228,"column":8}},"51":{"start":{"line":230,"column":6},"end":{"line":241,"column":7}},"52":{"start":{"line":231,"column":8},"end":{"line":235,"column":11}},"53":{"start":{"line":237,"column":8},"end":{"line":240,"column":11}},"54":{"start":{"line":243,"column":6},"end":{"line":247,"column":9}}},"fnMap":{"0":{"name":"(anonymous_0)","decl":{"start":{"line":6,"column":14},"end":{"line":6,"column":15}},"loc":{"start":{"line":6,"column":34},"end":{"line":58,"column":3}},"line":6},"1":{"name":"(anonymous_1)","decl":{"start":{"line":59,"column":11},"end":{"line":59,"column":12}},"loc":{"start":{"line":59,"column":31},"end":{"line":101,"column":3}},"line":59},"2":{"name":"(anonymous_2)","decl":{"start":{"line":103,"column":14},"end":{"line":103,"column":15}},"loc":{"start":{"line":103,"column":33},"end":{"line":221,"column":5}},"line":103},"3":{"name":"(anonymous_3)","decl":{"start":{"line":149,"column":43},"end":{"line":149,"column":44}},"loc":{"start":{"line":149,"column":50},"end":{"line":151,"column":13}},"line":149},"4":{"name":"(anonymous_4)","decl":{"start":{"line":153,"column":46},"end":{"line":153,"column":47}},"loc":{"start":{"line":153,"column":61},"end":{"line":155,"column":13}},"line":153},"5":{"name":"(anonymous_5)","decl":{"start":{"line":222,"column":14},"end":{"line":222,"column":15}},"loc":{"start":{"line":222,"column":34},"end":{"line":249,"column":3}},"line":222}},"branchMap":{"0":{"loc":{"start":{"line":24,"column":6},"end":{"line":31,"column":7}},"type":"if","locations":[{"start":{"line":24,"column":6},"end":{"line":31,"column":7}},{"start":{},"end":{}}],"line":24},"1":{"loc":{"start":{"line":39,"column":6},"end":{"line":50,"column":7}},"type":"if","locations":[{"start":{"line":39,"column":6},"end":{"line":50,"column":7}},{"start":{"line":45,"column":13},"end":{"line":50,"column":7}}],"line":39},"2":{"loc":{"start":{"line":54,"column":17},"end":{"line":54,"column":57}},"type":"binary-expr","locations":[{"start":{"line":54,"column":17},"end":{"line":54,"column":30}},{"start":{"line":54,"column":34},"end":{"line":54,"column":57}}],"line":54},"3":{"loc":{"start":{"line":82,"column":6},"end":{"line":93,"column":7}},"type":"if","locations":[{"start":{"line":82,"column":6},"end":{"line":93,"column":7}},{"start":{"line":88,"column":13},"end":{"line":93,"column":7}}],"line":82},"4":{"loc":{"start":{"line":97,"column":17},"end":{"line":97,"column":57}},"type":"binary-expr","locations":[{"start":{"line":97,"column":17},"end":{"line":97,"column":30}},{"start":{"line":97,"column":34},"end":{"line":97,"column":57}}],"line":97},"5":{"loc":{"start":{"line":119,"column":12},"end":{"line":126,"column":13}},"type":"if","locations":[{"start":{"line":119,"column":12},"end":{"line":126,"column":13}},{"start":{},"end":{}}],"line":119},"6":{"loc":{"start":{"line":141,"column":12},"end":{"line":147,"column":13}},"type":"if","locations":[{"start":{"line":141,"column":12},"end":{"line":147,"column":13}},{"start":{},"end":{}}],"line":141},"7":{"loc":{"start":{"line":167,"column":12},"end":{"line":181,"column":13}},"type":"if","locations":[{"start":{"line":167,"column":12},"end":{"line":181,"column":13}},{"start":{},"end":{}}],"line":167},"8":{"loc":{"start":{"line":194,"column":12},"end":{"line":200,"column":13}},"type":"if","locations":[{"start":{"line":194,"column":12},"end":{"line":200,"column":13}},{"start":{},"end":{}}],"line":194},"9":{"loc":{"start":{"line":230,"column":6},"end":{"line":241,"column":7}},"type":"if","locations":[{"start":{"line":230,"column":6},"end":{"line":241,"column":7}},{"start":{"line":236,"column":13},"end":{"line":241,"column":7}}],"line":230},"10":{"loc":{"start":{"line":245,"column":17},"end":{"line":245,"column":57}},"type":"binary-expr","locations":[{"start":{"line":245,"column":17},"end":{"line":245,"column":30}},{"start":{"line":245,"column":34},"end":{"line":245,"column":57}}],"line":245}},"s":{"0":1,"1":1,"2":1,"3":1,"4":0,"5":0,"6":0,"7":0,"8":0,"9":0,"10":0,"11":0,"12":0,"13":0,"14":0,"15":0,"16":0,"17":0,"18":0,"19":0,"20":0,"21":0,"22":0,"23":0,"24":0,"25":0,"26":0,"27":0,"28":0,"29":0,"30":0,"31":0,"32":0,"33":0,"34":0,"35":0,"36":0,"37":0,"38":0,"39":0,"40":0,"41":0,"42":0,"43":0,"44":0,"45":0,"46":0,"47":0,"48":0,"49":0,"50":0,"51":0,"52":0,"53":0,"54":0},"f":{"0":0,"1":0,"2":0,"3":0,"4":0,"5":0},"b":{"0":[0,0],"1":[0,0],"2":[0,0],"3":[0,0],"4":[0,0],"5":[0,0],"6":[0,0],"7":[0,0],"8":[0,0],"9":[0,0],"10":[0,0]},"_coverageSchema":"1a1c01bbd47fc00a2c39e90264f33305004495a9","hash":"22e8883415be3a141426b2e62517b6effd00091a"}
,"C:\\Users\\meuti\\OneDrive\\Documents\\Glints\\kas-e\\controllers\\transactionsController.js": {"path":"C:\\Users\\meuti\\OneDrive\\Documents\\Glints\\kas-e\\controllers\\transactionsController.js","statementMap":{"0":{"start":{"line":1,"column":59},"end":{"line":1,"column":79}},"1":{"start":{"line":2,"column":12},"end":{"line":2,"column":26}},"2":{"start":{"line":3,"column":15},"end":{"line":3,"column":35}},"3":{"start":{"line":4,"column":18},"end":{"line":4,"column":38}},"4":{"start":{"line":6,"column":0},"end":{"line":673,"column":2}},"5":{"start":{"line":8,"column":17},"end":{"line":8,"column":25}},"6":{"start":{"line":9,"column":17},"end":{"line":9,"column":25}},"7":{"start":{"line":10,"column":4},"end":{"line":221,"column":5}},"8":{"start":{"line":11,"column":21},"end":{"line":17,"column":8}},"9":{"start":{"line":19,"column":24},"end":{"line":28,"column":7}},"10":{"start":{"line":30,"column":6},"end":{"line":36,"column":7}},"11":{"start":{"line":31,"column":8},"end":{"line":35,"column":11}},"12":{"start":{"line":38,"column":19},"end":{"line":43,"column":8}},"13":{"start":{"line":45,"column":6},"end":{"line":51,"column":7}},"14":{"start":{"line":46,"column":8},"end":{"line":50,"column":11}},"15":{"start":{"line":53,"column":20},"end":{"line":59,"column":8}},"16":{"start":{"line":61,"column":6},"end":{"line":68,"column":7}},"17":{"start":{"line":62,"column":8},"end":{"line":67,"column":11}},"18":{"start":{"line":70,"column":21},"end":{"line":78,"column":8}},"19":{"start":{"line":80,"column":6},"end":{"line":86,"column":7}},"20":{"start":{"line":81,"column":8},"end":{"line":85,"column":11}},"21":{"start":{"line":89,"column":22},"end":{"line":95,"column":8}},"22":{"start":{"line":97,"column":24},"end":{"line":99,"column":8}},"23":{"start":{"line":98,"column":8},"end":{"line":98,"column":36}},"24":{"start":{"line":102,"column":6},"end":{"line":102,"column":63}},"25":{"start":{"line":102,"column":35},"end":{"line":102,"column":63}},"26":{"start":{"line":103,"column":6},"end":{"line":104,"column":57}},"27":{"start":{"line":104,"column":8},"end":{"line":104,"column":57}},"28":{"start":{"line":104,"column":50},"end":{"line":104,"column":55}},"29":{"start":{"line":107,"column":24},"end":{"line":113,"column":8}},"30":{"start":{"line":115,"column":28},"end":{"line":117,"column":8}},"31":{"start":{"line":116,"column":8},"end":{"line":116,"column":36}},"32":{"start":{"line":120,"column":6},"end":{"line":120,"column":51}},"33":{"start":{"line":120,"column":37},"end":{"line":120,"column":51}},"34":{"start":{"line":121,"column":6},"end":{"line":121,"column":66}},"35":{"start":{"line":121,"column":37},"end":{"line":121,"column":66}},"36":{"start":{"line":122,"column":6},"end":{"line":123,"column":58}},"37":{"start":{"line":123,"column":8},"end":{"line":123,"column":58}},"38":{"start":{"line":123,"column":51},"end":{"line":123,"column":56}},"39":{"start":{"line":126,"column":22},"end":{"line":126,"column":66}},"40":{"start":{"line":129,"column":25},"end":{"line":139,"column":7}},"41":{"start":{"line":141,"column":24},"end":{"line":147,"column":8}},"42":{"start":{"line":149,"column":29},"end":{"line":151,"column":8}},"43":{"start":{"line":150,"column":8},"end":{"line":150,"column":36}},"44":{"start":{"line":154,"column":6},"end":{"line":155,"column":50}},"45":{"start":{"line":155,"column":8},"end":{"line":155,"column":50}},"46":{"start":{"line":156,"column":6},"end":{"line":157,"column":71}},"47":{"start":{"line":157,"column":8},"end":{"line":157,"column":71}},"48":{"start":{"line":157,"column":64},"end":{"line":157,"column":69}},"49":{"start":{"line":159,"column":23},"end":{"line":159,"column":56}},"50":{"start":{"line":161,"column":26},"end":{"line":172,"column":7}},"51":{"start":{"line":174,"column":19},"end":{"line":200,"column":8}},"52":{"start":{"line":202,"column":6},"end":{"line":208,"column":7}},"53":{"start":{"line":203,"column":8},"end":{"line":207,"column":11}},"54":{"start":{"line":210,"column":6},"end":{"line":214,"column":9}},"55":{"start":{"line":216,"column":6},"end":{"line":220,"column":9}},"56":{"start":{"line":224,"column":17},"end":{"line":224,"column":25}},"57":{"start":{"line":225,"column":15},"end":{"line":225,"column":29}},"58":{"start":{"line":227,"column":4},"end":{"line":303,"column":5}},"59":{"start":{"line":228,"column":6},"end":{"line":248,"column":7}},"60":{"start":{"line":229,"column":8},"end":{"line":234,"column":9}},"61":{"start":{"line":230,"column":10},"end":{"line":233,"column":13}},"62":{"start":{"line":235,"column":23},"end":{"line":235,"column":37}},"63":{"start":{"line":236,"column":21},"end":{"line":236,"column":73}},"64":{"start":{"line":237,"column":8},"end":{"line":242,"column":10}},"65":{"start":{"line":244,"column":8},"end":{"line":247,"column":10}},"66":{"start":{"line":249,"column":19},"end":{"line":259,"column":8}},"67":{"start":{"line":260,"column":21},"end":{"line":260,"column":47}},"68":{"start":{"line":260,"column":37},"end":{"line":260,"column":46}},"69":{"start":{"line":261,"column":27},"end":{"line":282,"column":8}},"70":{"start":{"line":284,"column":6},"end":{"line":290,"column":7}},"71":{"start":{"line":285,"column":8},"end":{"line":289,"column":11}},"72":{"start":{"line":292,"column":6},"end":{"line":296,"column":9}},"73":{"start":{"line":298,"column":6},"end":{"line":302,"column":9}},"74":{"start":{"line":306,"column":17},"end":{"line":306,"column":25}},"75":{"start":{"line":307,"column":15},"end":{"line":307,"column":29}},"76":{"start":{"line":309,"column":4},"end":{"line":371,"column":5}},"77":{"start":{"line":310,"column":6},"end":{"line":310,"column":42}},"78":{"start":{"line":310,"column":24},"end":{"line":310,"column":42}},"79":{"start":{"line":311,"column":19},"end":{"line":321,"column":8}},"80":{"start":{"line":322,"column":21},"end":{"line":322,"column":47}},"81":{"start":{"line":322,"column":37},"end":{"line":322,"column":46}},"82":{"start":{"line":324,"column":27},"end":{"line":351,"column":8}},"83":{"start":{"line":352,"column":6},"end":{"line":358,"column":7}},"84":{"start":{"line":353,"column":8},"end":{"line":357,"column":11}},"85":{"start":{"line":360,"column":6},"end":{"line":364,"column":9}},"86":{"start":{"line":366,"column":6},"end":{"line":370,"column":9}},"87":{"start":{"line":374,"column":17},"end":{"line":374,"column":25}},"88":{"start":{"line":375,"column":17},"end":{"line":375,"column":25}},"89":{"start":{"line":376,"column":19},"end":{"line":376,"column":29}},"90":{"start":{"line":377,"column":4},"end":{"line":476,"column":5}},"91":{"start":{"line":378,"column":21},"end":{"line":383,"column":8}},"92":{"start":{"line":385,"column":24},"end":{"line":393,"column":7}},"93":{"start":{"line":395,"column":6},"end":{"line":401,"column":7}},"94":{"start":{"line":396,"column":8},"end":{"line":400,"column":11}},"95":{"start":{"line":403,"column":21},"end":{"line":408,"column":8}},"96":{"start":{"line":410,"column":32},"end":{"line":413,"column":7}},"97":{"start":{"line":415,"column":6},"end":{"line":421,"column":7}},"98":{"start":{"line":416,"column":8},"end":{"line":420,"column":11}},"99":{"start":{"line":423,"column":20},"end":{"line":425,"column":8}},"100":{"start":{"line":427,"column":19},"end":{"line":432,"column":8}},"101":{"start":{"line":434,"column":8},"end":{"line":436,"column":32}},"102":{"start":{"line":438,"column":25},"end":{"line":448,"column":7}},"103":{"start":{"line":450,"column":21},"end":{"line":459,"column":7}},"104":{"start":{"line":461,"column":19},"end":{"line":463,"column":8}},"105":{"start":{"line":465,"column":6},"end":{"line":469,"column":9}},"106":{"start":{"line":471,"column":6},"end":{"line":475,"column":9}},"107":{"start":{"line":479,"column":17},"end":{"line":479,"column":25}},"108":{"start":{"line":480,"column":15},"end":{"line":480,"column":28}},"109":{"start":{"line":481,"column":4},"end":{"line":535,"column":5}},"110":{"start":{"line":482,"column":26},"end":{"line":487,"column":8}},"111":{"start":{"line":489,"column":19},"end":{"line":494,"column":8}},"112":{"start":{"line":496,"column":18},"end":{"line":496,"column":73}},"113":{"start":{"line":498,"column":25},"end":{"line":508,"column":7}},"114":{"start":{"line":510,"column":20},"end":{"line":515,"column":8}},"115":{"start":{"line":517,"column":6},"end":{"line":523,"column":7}},"116":{"start":{"line":518,"column":8},"end":{"line":522,"column":11}},"117":{"start":{"line":525,"column":6},"end":{"line":528,"column":9}},"118":{"start":{"line":530,"column":6},"end":{"line":534,"column":9}},"119":{"start":{"line":538,"column":17},"end":{"line":538,"column":25}},"120":{"start":{"line":539,"column":17},"end":{"line":539,"column":25}},"121":{"start":{"line":540,"column":4},"end":{"line":671,"column":5}},"122":{"start":{"line":541,"column":21},"end":{"line":545,"column":8}},"123":{"start":{"line":547,"column":24},"end":{"line":554,"column":7}},"124":{"start":{"line":556,"column":6},"end":{"line":562,"column":7}},"125":{"start":{"line":557,"column":8},"end":{"line":561,"column":11}},"126":{"start":{"line":564,"column":19},"end":{"line":569,"column":8}},"127":{"start":{"line":571,"column":6},"end":{"line":577,"column":7}},"128":{"start":{"line":572,"column":8},"end":{"line":576,"column":11}},"129":{"start":{"line":579,"column":21},"end":{"line":585,"column":8}},"130":{"start":{"line":587,"column":6},"end":{"line":593,"column":7}},"131":{"start":{"line":588,"column":8},"end":{"line":592,"column":11}},"132":{"start":{"line":596,"column":22},"end":{"line":602,"column":8}},"133":{"start":{"line":604,"column":24},"end":{"line":606,"column":8}},"134":{"start":{"line":605,"column":8},"end":{"line":605,"column":36}},"135":{"start":{"line":609,"column":6},"end":{"line":609,"column":50}},"136":{"start":{"line":609,"column":35},"end":{"line":609,"column":50}},"137":{"start":{"line":610,"column":6},"end":{"line":610,"column":63}},"138":{"start":{"line":610,"column":35},"end":{"line":610,"column":63}},"139":{"start":{"line":611,"column":6},"end":{"line":612,"column":57}},"140":{"start":{"line":612,"column":8},"end":{"line":612,"column":57}},"141":{"start":{"line":612,"column":50},"end":{"line":612,"column":55}},"142":{"start":{"line":615,"column":24},"end":{"line":621,"column":8}},"143":{"start":{"line":623,"column":28},"end":{"line":625,"column":8}},"144":{"start":{"line":624,"column":8},"end":{"line":624,"column":36}},"145":{"start":{"line":628,"column":6},"end":{"line":628,"column":66}},"146":{"start":{"line":628,"column":37},"end":{"line":628,"column":66}},"147":{"start":{"line":629,"column":6},"end":{"line":630,"column":58}},"148":{"start":{"line":630,"column":8},"end":{"line":630,"column":58}},"149":{"start":{"line":630,"column":51},"end":{"line":630,"column":56}},"150":{"start":{"line":633,"column":22},"end":{"line":633,"column":66}},"151":{"start":{"line":636,"column":25},"end":{"line":646,"column":7}},"152":{"start":{"line":648,"column":19},"end":{"line":658,"column":8}},"153":{"start":{"line":660,"column":6},"end":{"line":664,"column":9}},"154":{"start":{"line":666,"column":6},"end":{"line":670,"column":9}}},"fnMap":{"0":{"name":"(anonymous_0)","decl":{"start":{"line":7,"column":19},"end":{"line":7,"column":20}},"loc":{"start":{"line":7,"column":39},"end":{"line":222,"column":3}},"line":7},"1":{"name":"(anonymous_1)","decl":{"start":{"line":97,"column":36},"end":{"line":97,"column":37}},"loc":{"start":{"line":97,"column":43},"end":{"line":99,"column":7}},"line":97},"2":{"name":"(anonymous_2)","decl":{"start":{"line":104,"column":40},"end":{"line":104,"column":41}},"loc":{"start":{"line":104,"column":50},"end":{"line":104,"column":55}},"line":104},"3":{"name":"(anonymous_3)","decl":{"start":{"line":115,"column":42},"end":{"line":115,"column":43}},"loc":{"start":{"line":115,"column":49},"end":{"line":117,"column":7}},"line":115},"4":{"name":"(anonymous_4)","decl":{"start":{"line":123,"column":41},"end":{"line":123,"column":42}},"loc":{"start":{"line":123,"column":51},"end":{"line":123,"column":56}},"line":123},"5":{"name":"(anonymous_5)","decl":{"start":{"line":149,"column":43},"end":{"line":149,"column":44}},"loc":{"start":{"line":149,"column":50},"end":{"line":151,"column":7}},"line":149},"6":{"name":"(anonymous_6)","decl":{"start":{"line":157,"column":54},"end":{"line":157,"column":55}},"loc":{"start":{"line":157,"column":64},"end":{"line":157,"column":69}},"line":157},"7":{"name":"(anonymous_7)","decl":{"start":{"line":223,"column":26},"end":{"line":223,"column":27}},"loc":{"start":{"line":223,"column":46},"end":{"line":304,"column":3}},"line":223},"8":{"name":"(anonymous_8)","decl":{"start":{"line":260,"column":30},"end":{"line":260,"column":31}},"loc":{"start":{"line":260,"column":37},"end":{"line":260,"column":46}},"line":260},"9":{"name":"(anonymous_9)","decl":{"start":{"line":305,"column":28},"end":{"line":305,"column":29}},"loc":{"start":{"line":305,"column":48},"end":{"line":372,"column":3}},"line":305},"10":{"name":"(anonymous_10)","decl":{"start":{"line":322,"column":30},"end":{"line":322,"column":31}},"loc":{"start":{"line":322,"column":37},"end":{"line":322,"column":46}},"line":322},"11":{"name":"(anonymous_11)","decl":{"start":{"line":373,"column":21},"end":{"line":373,"column":22}},"loc":{"start":{"line":373,"column":41},"end":{"line":477,"column":3}},"line":373},"12":{"name":"(anonymous_12)","decl":{"start":{"line":478,"column":21},"end":{"line":478,"column":22}},"loc":{"start":{"line":478,"column":41},"end":{"line":536,"column":3}},"line":478},"13":{"name":"(anonymous_13)","decl":{"start":{"line":537,"column":17},"end":{"line":537,"column":18}},"loc":{"start":{"line":537,"column":37},"end":{"line":672,"column":3}},"line":537},"14":{"name":"(anonymous_14)","decl":{"start":{"line":604,"column":36},"end":{"line":604,"column":37}},"loc":{"start":{"line":604,"column":43},"end":{"line":606,"column":7}},"line":604},"15":{"name":"(anonymous_15)","decl":{"start":{"line":612,"column":40},"end":{"line":612,"column":41}},"loc":{"start":{"line":612,"column":50},"end":{"line":612,"column":55}},"line":612},"16":{"name":"(anonymous_16)","decl":{"start":{"line":623,"column":42},"end":{"line":623,"column":43}},"loc":{"start":{"line":623,"column":49},"end":{"line":625,"column":7}},"line":623},"17":{"name":"(anonymous_17)","decl":{"start":{"line":630,"column":41},"end":{"line":630,"column":42}},"loc":{"start":{"line":630,"column":51},"end":{"line":630,"column":56}},"line":630}},"branchMap":{"0":{"loc":{"start":{"line":30,"column":6},"end":{"line":36,"column":7}},"type":"if","locations":[{"start":{"line":30,"column":6},"end":{"line":36,"column":7}},{"start":{},"end":{}}],"line":30},"1":{"loc":{"start":{"line":45,"column":6},"end":{"line":51,"column":7}},"type":"if","locations":[{"start":{"line":45,"column":6},"end":{"line":51,"column":7}},{"start":{},"end":{}}],"line":45},"2":{"loc":{"start":{"line":61,"column":6},"end":{"line":68,"column":7}},"type":"if","locations":[{"start":{"line":61,"column":6},"end":{"line":68,"column":7}},{"start":{},"end":{}}],"line":61},"3":{"loc":{"start":{"line":80,"column":6},"end":{"line":86,"column":7}},"type":"if","locations":[{"start":{"line":80,"column":6},"end":{"line":86,"column":7}},{"start":{},"end":{}}],"line":80},"4":{"loc":{"start":{"line":102,"column":6},"end":{"line":102,"column":63}},"type":"if","locations":[{"start":{"line":102,"column":6},"end":{"line":102,"column":63}},{"start":{},"end":{}}],"line":102},"5":{"loc":{"start":{"line":103,"column":6},"end":{"line":104,"column":57}},"type":"if","locations":[{"start":{"line":103,"column":6},"end":{"line":104,"column":57}},{"start":{},"end":{}}],"line":103},"6":{"loc":{"start":{"line":120,"column":6},"end":{"line":120,"column":51}},"type":"if","locations":[{"start":{"line":120,"column":6},"end":{"line":120,"column":51}},{"start":{},"end":{}}],"line":120},"7":{"loc":{"start":{"line":121,"column":6},"end":{"line":121,"column":66}},"type":"if","locations":[{"start":{"line":121,"column":6},"end":{"line":121,"column":66}},{"start":{},"end":{}}],"line":121},"8":{"loc":{"start":{"line":122,"column":6},"end":{"line":123,"column":58}},"type":"if","locations":[{"start":{"line":122,"column":6},"end":{"line":123,"column":58}},{"start":{},"end":{}}],"line":122},"9":{"loc":{"start":{"line":154,"column":6},"end":{"line":155,"column":50}},"type":"if","locations":[{"start":{"line":154,"column":6},"end":{"line":155,"column":50}},{"start":{},"end":{}}],"line":154},"10":{"loc":{"start":{"line":156,"column":6},"end":{"line":157,"column":71}},"type":"if","locations":[{"start":{"line":156,"column":6},"end":{"line":157,"column":71}},{"start":{},"end":{}}],"line":156},"11":{"loc":{"start":{"line":202,"column":6},"end":{"line":208,"column":7}},"type":"if","locations":[{"start":{"line":202,"column":6},"end":{"line":208,"column":7}},{"start":{},"end":{}}],"line":202},"12":{"loc":{"start":{"line":228,"column":6},"end":{"line":248,"column":7}},"type":"if","locations":[{"start":{"line":228,"column":6},"end":{"line":248,"column":7}},{"start":{"line":243,"column":13},"end":{"line":248,"column":7}}],"line":228},"13":{"loc":{"start":{"line":229,"column":8},"end":{"line":234,"column":9}},"type":"if","locations":[{"start":{"line":229,"column":8},"end":{"line":234,"column":9}},{"start":{},"end":{}}],"line":229},"14":{"loc":{"start":{"line":284,"column":6},"end":{"line":290,"column":7}},"type":"if","locations":[{"start":{"line":284,"column":6},"end":{"line":290,"column":7}},{"start":{},"end":{}}],"line":284},"15":{"loc":{"start":{"line":310,"column":6},"end":{"line":310,"column":42}},"type":"if","locations":[{"start":{"line":310,"column":6},"end":{"line":310,"column":42}},{"start":{},"end":{}}],"line":310},"16":{"loc":{"start":{"line":352,"column":6},"end":{"line":358,"column":7}},"type":"if","locations":[{"start":{"line":352,"column":6},"end":{"line":358,"column":7}},{"start":{},"end":{}}],"line":352},"17":{"loc":{"start":{"line":395,"column":6},"end":{"line":401,"column":7}},"type":"if","locations":[{"start":{"line":395,"column":6},"end":{"line":401,"column":7}},{"start":{},"end":{}}],"line":395},"18":{"loc":{"start":{"line":415,"column":6},"end":{"line":421,"column":7}},"type":"if","locations":[{"start":{"line":415,"column":6},"end":{"line":421,"column":7}},{"start":{},"end":{}}],"line":415},"19":{"loc":{"start":{"line":517,"column":6},"end":{"line":523,"column":7}},"type":"if","locations":[{"start":{"line":517,"column":6},"end":{"line":523,"column":7}},{"start":{},"end":{}}],"line":517},"20":{"loc":{"start":{"line":556,"column":6},"end":{"line":562,"column":7}},"type":"if","locations":[{"start":{"line":556,"column":6},"end":{"line":562,"column":7}},{"start":{},"end":{}}],"line":556},"21":{"loc":{"start":{"line":571,"column":6},"end":{"line":577,"column":7}},"type":"if","locations":[{"start":{"line":571,"column":6},"end":{"line":577,"column":7}},{"start":{},"end":{}}],"line":571},"22":{"loc":{"start":{"line":587,"column":6},"end":{"line":593,"column":7}},"type":"if","locations":[{"start":{"line":587,"column":6},"end":{"line":593,"column":7}},{"start":{},"end":{}}],"line":587},"23":{"loc":{"start":{"line":609,"column":6},"end":{"line":609,"column":50}},"type":"if","locations":[{"start":{"line":609,"column":6},"end":{"line":609,"column":50}},{"start":{},"end":{}}],"line":609},"24":{"loc":{"start":{"line":610,"column":6},"end":{"line":610,"column":63}},"type":"if","locations":[{"start":{"line":610,"column":6},"end":{"line":610,"column":63}},{"start":{},"end":{}}],"line":610},"25":{"loc":{"start":{"line":611,"column":6},"end":{"line":612,"column":57}},"type":"if","locations":[{"start":{"line":611,"column":6},"end":{"line":612,"column":57}},{"start":{},"end":{}}],"line":611},"26":{"loc":{"start":{"line":628,"column":6},"end":{"line":628,"column":66}},"type":"if","locations":[{"start":{"line":628,"column":6},"end":{"line":628,"column":66}},{"start":{},"end":{}}],"line":628},"27":{"loc":{"start":{"line":629,"column":6},"end":{"line":630,"column":58}},"type":"if","locations":[{"start":{"line":629,"column":6},"end":{"line":630,"column":58}},{"start":{},"end":{}}],"line":629}},"s":{"0":1,"1":1,"2":1,"3":1,"4":1,"5":0,"6":0,"7":0,"8":0,"9":0,"10":0,"11":0,"12":0,"13":0,"14":0,"15":0,"16":0,"17":0,"18":0,"19":0,"20":0,"21":0,"22":0,"23":0,"24":0,"25":0,"26":0,"27":0,"28":0,"29":0,"30":0,"31":0,"32":0,"33":0,"34":0,"35":0,"36":0,"37":0,"38":0,"39":0,"40":0,"41":0,"42":0,"43":0,"44":0,"45":0,"46":0,"47":0,"48":0,"49":0,"50":0,"51":0,"52":0,"53":0,"54":0,"55":0,"56":0,"57":0,"58":0,"59":0,"60":0,"61":0,"62":0,"63":0,"64":0,"65":0,"66":0,"67":0,"68":0,"69":0,"70":0,"71":0,"72":0,"73":0,"74":0,"75":0,"76":0,"77":0,"78":0,"79":0,"80":0,"81":0,"82":0,"83":0,"84":0,"85":0,"86":0,"87":0,"88":0,"89":0,"90":0,"91":0,"92":0,"93":0,"94":0,"95":0,"96":0,"97":0,"98":0,"99":0,"100":0,"101":0,"102":0,"103":0,"104":0,"105":0,"106":0,"107":0,"108":0,"109":0,"110":0,"111":0,"112":0,"113":0,"114":0,"115":0,"116":0,"117":0,"118":0,"119":0,"120":0,"121":0,"122":0,"123":0,"124":0,"125":0,"126":0,"127":0,"128":0,"129":0,"130":0,"131":0,"132":0,"133":0,"134":0,"135":0,"136":0,"137":0,"138":0,"139":0,"140":0,"141":0,"142":0,"143":0,"144":0,"145":0,"146":0,"147":0,"148":0,"149":0,"150":0,"151":0,"152":0,"153":0,"154":0},"f":{"0":0,"1":0,"2":0,"3":0,"4":0,"5":0,"6":0,"7":0,"8":0,"9":0,"10":0,"11":0,"12":0,"13":0,"14":0,"15":0,"16":0,"17":0},"b":{"0":[0,0],"1":[0,0],"2":[0,0],"3":[0,0],"4":[0,0],"5":[0,0],"6":[0,0],"7":[0,0],"8":[0,0],"9":[0,0],"10":[0,0],"11":[0,0],"12":[0,0],"13":[0,0],"14":[0,0],"15":[0,0],"16":[0,0],"17":[0,0],"18":[0,0],"19":[0,0],"20":[0,0],"21":[0,0],"22":[0,0],"23":[0,0],"24":[0,0],"25":[0,0],"26":[0,0],"27":[0,0]},"_coverageSchema":"1a1c01bbd47fc00a2c39e90264f33305004495a9","hash":"0080b8f74919f4bab8dab2eb721c530e140e8b5e"}
,"C:\\Users\\meuti\\OneDrive\\Documents\\Glints\\kas-e\\controllers\\usersController.js": {"path":"C:\\Users\\meuti\\OneDrive\\Documents\\Glints\\kas-e\\controllers\\usersController.js","statementMap":{"0":{"start":{"line":1,"column":28},"end":{"line":1,"column":48}},"1":{"start":{"line":2,"column":0},"end":{"line":2,"column":27}},"2":{"start":{"line":3,"column":12},"end":{"line":3,"column":26}},"3":{"start":{"line":4,"column":12},"end":{"line":4,"column":37}},"4":{"start":{"line":5,"column":15},"end":{"line":5,"column":35}},"5":{"start":{"line":6,"column":31},"end":{"line":6,"column":59}},"6":{"start":{"line":7,"column":23},"end":{"line":7,"column":38}},"7":{"start":{"line":8,"column":12},"end":{"line":8,"column":52}},"8":{"start":{"line":9,"column":19},"end":{"line":9,"column":40}},"9":{"start":{"line":10,"column":13},"end":{"line":10,"column":28}},"10":{"start":{"line":12,"column":0},"end":{"line":456,"column":2}},"11":{"start":{"line":14,"column":17},"end":{"line":14,"column":25}},"12":{"start":{"line":15,"column":4},"end":{"line":128,"column":5}},"13":{"start":{"line":16,"column":21},"end":{"line":24,"column":8}},"14":{"start":{"line":26,"column":20},"end":{"line":37,"column":7}},"15":{"start":{"line":39,"column":6},"end":{"line":45,"column":7}},"16":{"start":{"line":40,"column":8},"end":{"line":44,"column":11}},"17":{"start":{"line":43,"column":62},"end":{"line":43,"column":69}},"18":{"start":{"line":46,"column":25},"end":{"line":50,"column":8}},"19":{"start":{"line":52,"column":6},"end":{"line":58,"column":7}},"20":{"start":{"line":53,"column":8},"end":{"line":57,"column":11}},"21":{"start":{"line":60,"column":6},"end":{"line":66,"column":7}},"22":{"start":{"line":61,"column":8},"end":{"line":65,"column":11}},"23":{"start":{"line":68,"column":19},"end":{"line":73,"column":8}},"24":{"start":{"line":75,"column":22},"end":{"line":81,"column":8}},"25":{"start":{"line":83,"column":24},"end":{"line":89,"column":8}},"26":{"start":{"line":90,"column":31},"end":{"line":96,"column":7}},"27":{"start":{"line":97,"column":6},"end":{"line":97,"column":56}},"28":{"start":{"line":98,"column":24},"end":{"line":110,"column":7}},"29":{"start":{"line":111,"column":6},"end":{"line":116,"column":9}},"30":{"start":{"line":112,"column":8},"end":{"line":114,"column":9}},"31":{"start":{"line":113,"column":10},"end":{"line":113,"column":23}},"32":{"start":{"line":115,"column":8},"end":{"line":115,"column":51}},"33":{"start":{"line":118,"column":6},"end":{"line":121,"column":9}},"34":{"start":{"line":123,"column":6},"end":{"line":127,"column":9}},"35":{"start":{"line":131,"column":33},"end":{"line":131,"column":42}},"36":{"start":{"line":132,"column":4},"end":{"line":177,"column":5}},"37":{"start":{"line":133,"column":17},"end":{"line":133,"column":65}},"38":{"start":{"line":134,"column":6},"end":{"line":140,"column":7}},"39":{"start":{"line":135,"column":8},"end":{"line":139,"column":11}},"40":{"start":{"line":141,"column":6},"end":{"line":147,"column":7}},"41":{"start":{"line":142,"column":8},"end":{"line":146,"column":11}},"42":{"start":{"line":148,"column":6},"end":{"line":153,"column":7}},"43":{"start":{"line":149,"column":8},"end":{"line":152,"column":11}},"44":{"start":{"line":155,"column":21},"end":{"line":164,"column":7}},"45":{"start":{"line":165,"column":6},"end":{"line":169,"column":9}},"46":{"start":{"line":170,"column":6},"end":{"line":170,"column":41}},"47":{"start":{"line":172,"column":6},"end":{"line":176,"column":9}},"48":{"start":{"line":180,"column":17},"end":{"line":180,"column":25}},"49":{"start":{"line":181,"column":4},"end":{"line":246,"column":5}},"50":{"start":{"line":182,"column":21},"end":{"line":185,"column":8}},"51":{"start":{"line":187,"column":20},"end":{"line":187,"column":71}},"52":{"start":{"line":189,"column":6},"end":{"line":195,"column":7}},"53":{"start":{"line":190,"column":8},"end":{"line":194,"column":11}},"54":{"start":{"line":193,"column":62},"end":{"line":193,"column":69}},"55":{"start":{"line":197,"column":19},"end":{"line":201,"column":8}},"56":{"start":{"line":203,"column":6},"end":{"line":209,"column":7}},"57":{"start":{"line":204,"column":8},"end":{"line":208,"column":11}},"58":{"start":{"line":211,"column":28},"end":{"line":211,"column":78}},"59":{"start":{"line":213,"column":6},"end":{"line":219,"column":7}},"60":{"start":{"line":214,"column":8},"end":{"line":218,"column":11}},"61":{"start":{"line":221,"column":6},"end":{"line":227,"column":7}},"62":{"start":{"line":222,"column":8},"end":{"line":226,"column":11}},"63":{"start":{"line":229,"column":22},"end":{"line":232,"column":7}},"64":{"start":{"line":233,"column":20},"end":{"line":233,"column":46}},"65":{"start":{"line":235,"column":6},"end":{"line":239,"column":9}},"66":{"start":{"line":241,"column":6},"end":{"line":245,"column":9}},"67":{"start":{"line":249,"column":17},"end":{"line":249,"column":25}},"68":{"start":{"line":250,"column":4},"end":{"line":303,"column":5}},"69":{"start":{"line":251,"column":19},"end":{"line":255,"column":8}},"70":{"start":{"line":256,"column":6},"end":{"line":262,"column":7}},"71":{"start":{"line":257,"column":8},"end":{"line":261,"column":11}},"72":{"start":{"line":263,"column":21},"end":{"line":263,"column":55}},"73":{"start":{"line":264,"column":22},"end":{"line":267,"column":7}},"74":{"start":{"line":268,"column":20},"end":{"line":268,"column":54}},"75":{"start":{"line":269,"column":24},"end":{"line":275,"column":8}},"76":{"start":{"line":276,"column":31},"end":{"line":282,"column":7}},"77":{"start":{"line":283,"column":6},"end":{"line":283,"column":56}},"78":{"start":{"line":284,"column":24},"end":{"line":292,"column":7}},"79":{"start":{"line":293,"column":6},"end":{"line":297,"column":9}},"80":{"start":{"line":294,"column":8},"end":{"line":296,"column":9}},"81":{"start":{"line":295,"column":10},"end":{"line":295,"column":23}},"82":{"start":{"line":298,"column":6},"end":{"line":300,"column":9}},"83":{"start":{"line":302,"column":6},"end":{"line":302,"column":68}},"84":{"start":{"line":306,"column":19},"end":{"line":306,"column":29}},"85":{"start":{"line":307,"column":4},"end":{"line":389,"column":5}},"86":{"start":{"line":308,"column":44},"end":{"line":308,"column":52}},"87":{"start":{"line":309,"column":21},"end":{"line":312,"column":8}},"88":{"start":{"line":314,"column":6},"end":{"line":320,"column":8}},"89":{"start":{"line":323,"column":6},"end":{"line":329,"column":7}},"90":{"start":{"line":324,"column":8},"end":{"line":328,"column":11}},"91":{"start":{"line":332,"column":6},"end":{"line":338,"column":7}},"92":{"start":{"line":333,"column":8},"end":{"line":337,"column":11}},"93":{"start":{"line":341,"column":26},"end":{"line":341,"column":41}},"94":{"start":{"line":342,"column":6},"end":{"line":354,"column":7}},"95":{"start":{"line":343,"column":8},"end":{"line":347,"column":11}},"96":{"start":{"line":348,"column":13},"end":{"line":354,"column":7}},"97":{"start":{"line":349,"column":8},"end":{"line":353,"column":11}},"98":{"start":{"line":356,"column":29},"end":{"line":364,"column":7}},"99":{"start":{"line":366,"column":6},"end":{"line":372,"column":7}},"100":{"start":{"line":367,"column":8},"end":{"line":371,"column":11}},"101":{"start":{"line":374,"column":19},"end":{"line":378,"column":8}},"102":{"start":{"line":380,"column":6},"end":{"line":384,"column":9}},"103":{"start":{"line":385,"column":6},"end":{"line":385,"column":41}},"104":{"start":{"line":387,"column":6},"end":{"line":387,"column":68}},"105":{"start":{"line":393,"column":4},"end":{"line":421,"column":5}},"106":{"start":{"line":394,"column":25},"end":{"line":398,"column":8}},"107":{"start":{"line":399,"column":6},"end":{"line":414,"column":7}},"108":{"start":{"line":400,"column":8},"end":{"line":403,"column":10}},"109":{"start":{"line":405,"column":21},"end":{"line":409,"column":10}},"110":{"start":{"line":410,"column":8},"end":{"line":413,"column":10}},"111":{"start":{"line":415,"column":20},"end":{"line":415,"column":46}},"112":{"start":{"line":416,"column":6},"end":{"line":418,"column":8}},"113":{"start":{"line":420,"column":6},"end":{"line":420,"column":26}},"114":{"start":{"line":425,"column":4},"end":{"line":454,"column":5}},"115":{"start":{"line":426,"column":25},"end":{"line":430,"column":8}},"116":{"start":{"line":431,"column":6},"end":{"line":446,"column":7}},"117":{"start":{"line":432,"column":8},"end":{"line":435,"column":10}},"118":{"start":{"line":437,"column":21},"end":{"line":441,"column":10}},"119":{"start":{"line":442,"column":8},"end":{"line":445,"column":10}},"120":{"start":{"line":448,"column":20},"end":{"line":448,"column":46}},"121":{"start":{"line":449,"column":6},"end":{"line":451,"column":8}},"122":{"start":{"line":453,"column":8},"end":{"line":453,"column":28}}},"fnMap":{"0":{"name":"(anonymous_0)","decl":{"start":{"line":13,"column":12},"end":{"line":13,"column":13}},"loc":{"start":{"line":13,"column":32},"end":{"line":129,"column":3}},"line":13},"1":{"name":"(anonymous_1)","decl":{"start":{"line":43,"column":45},"end":{"line":43,"column":46}},"loc":{"start":{"line":43,"column":62},"end":{"line":43,"column":69}},"line":43},"2":{"name":"(anonymous_2)","decl":{"start":{"line":111,"column":40},"end":{"line":111,"column":41}},"loc":{"start":{"line":111,"column":63},"end":{"line":116,"column":7}},"line":111},"3":{"name":"(anonymous_3)","decl":{"start":{"line":130,"column":15},"end":{"line":130,"column":16}},"loc":{"start":{"line":130,"column":35},"end":{"line":178,"column":3}},"line":130},"4":{"name":"(anonymous_4)","decl":{"start":{"line":179,"column":9},"end":{"line":179,"column":10}},"loc":{"start":{"line":179,"column":29},"end":{"line":247,"column":3}},"line":179},"5":{"name":"(anonymous_5)","decl":{"start":{"line":193,"column":45},"end":{"line":193,"column":46}},"loc":{"start":{"line":193,"column":62},"end":{"line":193,"column":69}},"line":193},"6":{"name":"(anonymous_6)","decl":{"start":{"line":248,"column":18},"end":{"line":248,"column":19}},"loc":{"start":{"line":248,"column":38},"end":{"line":304,"column":3}},"line":248},"7":{"name":"(anonymous_7)","decl":{"start":{"line":293,"column":40},"end":{"line":293,"column":41}},"loc":{"start":{"line":293,"column":63},"end":{"line":297,"column":7}},"line":293},"8":{"name":"(anonymous_8)","decl":{"start":{"line":305,"column":17},"end":{"line":305,"column":18}},"loc":{"start":{"line":305,"column":37},"end":{"line":390,"column":3}},"line":305},"9":{"name":"(anonymous_9)","decl":{"start":{"line":391,"column":10},"end":{"line":391,"column":11}},"loc":{"start":{"line":391,"column":30},"end":{"line":422,"column":3}},"line":391},"10":{"name":"(anonymous_10)","decl":{"start":{"line":423,"column":12},"end":{"line":423,"column":13}},"loc":{"start":{"line":423,"column":32},"end":{"line":455,"column":3}},"line":423}},"branchMap":{"0":{"loc":{"start":{"line":34,"column":26},"end":{"line":34,"column":69}},"type":"cond-expr","locations":[{"start":{"line":34,"column":37},"end":{"line":34,"column":50}},{"start":{"line":34,"column":53},"end":{"line":34,"column":69}}],"line":34},"1":{"loc":{"start":{"line":39,"column":6},"end":{"line":45,"column":7}},"type":"if","locations":[{"start":{"line":39,"column":6},"end":{"line":45,"column":7}},{"start":{},"end":{}}],"line":39},"2":{"loc":{"start":{"line":52,"column":6},"end":{"line":58,"column":7}},"type":"if","locations":[{"start":{"line":52,"column":6},"end":{"line":58,"column":7}},{"start":{},"end":{}}],"line":52},"3":{"loc":{"start":{"line":60,"column":6},"end":{"line":66,"column":7}},"type":"if","locations":[{"start":{"line":60,"column":6},"end":{"line":66,"column":7}},{"start":{},"end":{}}],"line":60},"4":{"loc":{"start":{"line":80,"column":9},"end":{"line":80,"column":43}},"type":"cond-expr","locations":[{"start":{"line":80,"column":20},"end":{"line":80,"column":36}},{"start":{"line":80,"column":39},"end":{"line":80,"column":43}}],"line":80},"5":{"loc":{"start":{"line":80,"column":46},"end":{"line":80,"column":77}},"type":"cond-expr","locations":[{"start":{"line":80,"column":57},"end":{"line":80,"column":70}},{"start":{"line":80,"column":73},"end":{"line":80,"column":77}}],"line":80},"6":{"loc":{"start":{"line":112,"column":8},"end":{"line":114,"column":9}},"type":"if","locations":[{"start":{"line":112,"column":8},"end":{"line":114,"column":9}},{"start":{},"end":{}}],"line":112},"7":{"loc":{"start":{"line":134,"column":6},"end":{"line":140,"column":7}},"type":"if","locations":[{"start":{"line":134,"column":6},"end":{"line":140,"column":7}},{"start":{},"end":{}}],"line":134},"8":{"loc":{"start":{"line":141,"column":6},"end":{"line":147,"column":7}},"type":"if","locations":[{"start":{"line":141,"column":6},"end":{"line":147,"column":7}},{"start":{},"end":{}}],"line":141},"9":{"loc":{"start":{"line":148,"column":6},"end":{"line":153,"column":7}},"type":"if","locations":[{"start":{"line":148,"column":6},"end":{"line":153,"column":7}},{"start":{},"end":{}}],"line":148},"10":{"loc":{"start":{"line":189,"column":6},"end":{"line":195,"column":7}},"type":"if","locations":[{"start":{"line":189,"column":6},"end":{"line":195,"column":7}},{"start":{},"end":{}}],"line":189},"11":{"loc":{"start":{"line":203,"column":6},"end":{"line":209,"column":7}},"type":"if","locations":[{"start":{"line":203,"column":6},"end":{"line":209,"column":7}},{"start":{},"end":{}}],"line":203},"12":{"loc":{"start":{"line":213,"column":6},"end":{"line":219,"column":7}},"type":"if","locations":[{"start":{"line":213,"column":6},"end":{"line":219,"column":7}},{"start":{},"end":{}}],"line":213},"13":{"loc":{"start":{"line":221,"column":6},"end":{"line":227,"column":7}},"type":"if","locations":[{"start":{"line":221,"column":6},"end":{"line":227,"column":7}},{"start":{},"end":{}}],"line":221},"14":{"loc":{"start":{"line":256,"column":6},"end":{"line":262,"column":7}},"type":"if","locations":[{"start":{"line":256,"column":6},"end":{"line":262,"column":7}},{"start":{},"end":{}}],"line":256},"15":{"loc":{"start":{"line":294,"column":8},"end":{"line":296,"column":9}},"type":"if","locations":[{"start":{"line":294,"column":8},"end":{"line":296,"column":9}},{"start":{},"end":{}}],"line":294},"16":{"loc":{"start":{"line":323,"column":6},"end":{"line":329,"column":7}},"type":"if","locations":[{"start":{"line":323,"column":6},"end":{"line":329,"column":7}},{"start":{},"end":{}}],"line":323},"17":{"loc":{"start":{"line":323,"column":10},"end":{"line":323,"column":39}},"type":"binary-expr","locations":[{"start":{"line":323,"column":10},"end":{"line":323,"column":19}},{"start":{"line":323,"column":23},"end":{"line":323,"column":39}}],"line":323},"18":{"loc":{"start":{"line":332,"column":6},"end":{"line":338,"column":7}},"type":"if","locations":[{"start":{"line":332,"column":6},"end":{"line":338,"column":7}},{"start":{},"end":{}}],"line":332},"19":{"loc":{"start":{"line":342,"column":6},"end":{"line":354,"column":7}},"type":"if","locations":[{"start":{"line":342,"column":6},"end":{"line":354,"column":7}},{"start":{"line":348,"column":13},"end":{"line":354,"column":7}}],"line":342},"20":{"loc":{"start":{"line":348,"column":13},"end":{"line":354,"column":7}},"type":"if","locations":[{"start":{"line":348,"column":13},"end":{"line":354,"column":7}},{"start":{},"end":{}}],"line":348},"21":{"loc":{"start":{"line":366,"column":6},"end":{"line":372,"column":7}},"type":"if","locations":[{"start":{"line":366,"column":6},"end":{"line":372,"column":7}},{"start":{},"end":{}}],"line":366},"22":{"loc":{"start":{"line":399,"column":6},"end":{"line":414,"column":7}},"type":"if","locations":[{"start":{"line":399,"column":6},"end":{"line":414,"column":7}},{"start":{"line":404,"column":13},"end":{"line":414,"column":7}}],"line":399},"23":{"loc":{"start":{"line":431,"column":6},"end":{"line":446,"column":7}},"type":"if","locations":[{"start":{"line":431,"column":6},"end":{"line":446,"column":7}},{"start":{"line":436,"column":13},"end":{"line":446,"column":7}}],"line":431}},"s":{"0":1,"1":1,"2":1,"3":1,"4":1,"5":1,"6":1,"7":1,"8":1,"9":1,"10":1,"11":0,"12":0,"13":0,"14":0,"15":0,"16":0,"17":0,"18":0,"19":0,"20":0,"21":0,"22":0,"23":0,"24":0,"25":0,"26":0,"27":0,"28":0,"29":0,"30":0,"31":0,"32":0,"33":0,"34":0,"35":0,"36":0,"37":0,"38":0,"39":0,"40":0,"41":0,"42":0,"43":0,"44":0,"45":0,"46":0,"47":0,"48":0,"49":0,"50":0,"51":0,"52":0,"53":0,"54":0,"55":0,"56":0,"57":0,"58":0,"59":0,"60":0,"61":0,"62":0,"63":0,"64":0,"65":0,"66":0,"67":0,"68":0,"69":0,"70":0,"71":0,"72":0,"73":0,"74":0,"75":0,"76":0,"77":0,"78":0,"79":0,"80":0,"81":0,"82":0,"83":0,"84":0,"85":0,"86":0,"87":0,"88":0,"89":0,"90":0,"91":0,"92":0,"93":0,"94":0,"95":0,"96":0,"97":0,"98":0,"99":0,"100":0,"101":0,"102":0,"103":0,"104":0,"105":0,"106":0,"107":0,"108":0,"109":0,"110":0,"111":0,"112":0,"113":0,"114":0,"115":0,"116":0,"117":0,"118":0,"119":0,"120":0,"121":0,"122":0},"f":{"0":0,"1":0,"2":0,"3":0,"4":0,"5":0,"6":0,"7":0,"8":0,"9":0,"10":0},"b":{"0":[0,0],"1":[0,0],"2":[0,0],"3":[0,0],"4":[0,0],"5":[0,0],"6":[0,0],"7":[0,0],"8":[0,0],"9":[0,0],"10":[0,0],"11":[0,0],"12":[0,0],"13":[0,0],"14":[0,0],"15":[0,0],"16":[0,0],"17":[0,0],"18":[0,0],"19":[0,0],"20":[0,0],"21":[0,0],"22":[0,0],"23":[0,0]},"_coverageSchema":"1a1c01bbd47fc00a2c39e90264f33305004495a9","hash":"7c5ab6828f7efc884f63d562af42d8afdd4e17c9"}
,"C:\\Users\\meuti\\OneDrive\\Documents\\Glints\\kas-e\\helpers\\bcrypt.js": {"path":"C:\\Users\\meuti\\OneDrive\\Documents\\Glints\\kas-e\\helpers\\bcrypt.js","statementMap":{"0":{"start":{"line":1,"column":15},"end":{"line":1,"column":34}},"1":{"start":{"line":5,"column":23},"end":{"line":5,"column":25}},"2":{"start":{"line":6,"column":17},"end":{"line":6,"column":53}},"3":{"start":{"line":7,"column":4},"end":{"line":7,"column":16}},"4":{"start":{"line":12,"column":4},"end":{"line":12,"column":51}},"5":{"start":{"line":15,"column":0},"end":{"line":15,"column":39}}},"fnMap":{"0":{"name":"encrypt","decl":{"start":{"line":4,"column":9},"end":{"line":4,"column":16}},"loc":{"start":{"line":4,"column":26},"end":{"line":8,"column":1}},"line":4},"1":{"name":"checkPass","decl":{"start":{"line":11,"column":9},"end":{"line":11,"column":18}},"loc":{"start":{"line":11,"column":40},"end":{"line":13,"column":1}},"line":11}},"branchMap":{},"s":{"0":1,"1":0,"2":0,"3":0,"4":0,"5":1},"f":{"0":0,"1":0},"b":{},"_coverageSchema":"1a1c01bbd47fc00a2c39e90264f33305004495a9","hash":"65d33117d62a3b979756f6e9406561d91aa8cdae"}
[...]
,"C:\\Users\\meuti\\OneDrive\\Documents\\Glints\\kas-e\\models\\index.js": {"path":"C:\\Users\\meuti\\OneDrive\\Documents\\Glints\\kas-e\\models\\index.js","statementMap":{"0":{"start":{"line":3,"column":11},"end":{"line":3,"column":24}},"1":{"start":{"line":4,"column":13},"end":{"line":4,"column":28}},"2":{"start":{"line":5,"column":18},"end":{"line":5,"column":38}},"3":{"start":{"line":6,"column":17},"end":{"line":6,"column":42}},"4":{"start":{"line":7,"column":12},"end":{"line":7,"column":49}},"5":{"start":{"line":8,"column":15},"end":{"line":8,"column":63}},"6":{"start":{"line":9,"column":11},"end":{"line":9,"column":13}},"7":{"start":{"line":12,"column":0},"end":{"line":16,"column":1}},"8":{"start":{"line":13,"column":4},"end":{"line":13,"column":76}},"9":{"start":{"line":15,"column":4},"end":{"line":15,"column":89}},"10":{"start":{"line":18,"column":0},"end":{"line":26,"column":7}},"11":{"start":{"line":21,"column":8},"end":{"line":21,"column":94}},"12":{"start":{"line":24,"column":22},"end":{"line":24,"column":89}},"13":{"start":{"line":25,"column":8},"end":{"line":25,"column":31}},"14":{"start":{"line":28,"column":0},"end":{"line":32,"column":3}},"15":{"start":{"line":29,"column":4},"end":{"line":31,"column":5}},"16":{"start":{"line":30,"column":8},"end":{"line":30,"column":36}},"17":{"start":{"line":34,"column":0},"end":{"line":34,"column":25}},"18":{"start":{"line":35,"column":0},"end":{"line":35,"column":25}},"19":{"start":{"line":37,"column":0},"end":{"line":37,"column":20}}},"fnMap":{"0":{"name":"(anonymous_0)","decl":{"start":{"line":20,"column":12},"end":{"line":20,"column":13}},"loc":{"start":{"line":20,"column":20},"end":{"line":22,"column":5}},"line":20},"1":{"name":"(anonymous_1)","decl":{"start":{"line":23,"column":13},"end":{"line":23,"column":14}},"loc":{"start":{"line":23,"column":21},"end":{"line":26,"column":5}},"line":23},"2":{"name":"(anonymous_2)","decl":{"start":{"line":28,"column":24},"end":{"line":28,"column":25}},"loc":{"start":{"line":28,"column":37},"end":{"line":32,"column":1}},"line":28}},"branchMap":{"0":{"loc":{"start":{"line":7,"column":12},"end":{"line":7,"column":49}},"type":"binary-expr","locations":[{"start":{"line":7,"column":12},"end":{"line":7,"column":32}},{"start":{"line":7,"column":36},"end":{"line":7,"column":49}}],"line":7},"1":{"loc":{"start":{"line":12,"column":0},"end":{"line":16,"column":1}},"type":"if","locations":[{"start":{"line":12,"column":0},"end":{"line":16,"column":1}},{"start":{"line":14,"column":7},"end":{"line":16,"column":1}}],"line":12},"2":{"loc":{"start":{"line":21,"column":15},"end":{"line":21,"column":93}},"type":"binary-expr","locations":[{"start":{"line":21,"column":16},"end":{"line":21,"column":39}},{"start":{"line":21,"column":45},"end":{"line":21,"column":62}},{"start":{"line":21,"column":68},"end":{"line":21,"column":92}}],"line":21},"3":{"loc":{"start":{"line":29,"column":4},"end":{"line":31,"column":5}},"type":"if","locations":[{"start":{"line":29,"column":4},"end":{"line":31,"column":5}},{"start":{},"end":{}}],"line":29}},"s":{"0":1,"1":1,"2":1,"3":1,"4":1,"5":1,"6":1,"7":1,"8":0,"9":1,"10":1,"11":7,"12":6,"13":6,"14":1,"15":6,"16":6,"17":1,"18":1,"19":1},"f":{"0":7,"1":6,"2":6},"b":{"0":[1,0],"1":[0,1],"2":[7,7,6],"3":[6,0]},"_coverageSchema":"1a1c01bbd47fc00a2c39e90264f33305004495a9","hash":"158daf2a14f5799e6c5ba7a435d955b4a8b93c12"}
,"C:\\Users\\meuti\\OneDrive\\Documents\\Glints\\kas-e\\models\\limits.js": {"path":"C:\\Users\\meuti\\OneDrive\\Documents\\Glints\\kas-e\\models\\limits.js","statementMap":{"0":{"start":{"line":4,"column":4},"end":{"line":4,"column":24}},"1":{"start":{"line":5,"column":0},"end":{"line":34,"column":2}},"2":{"start":{"line":13,"column":12},"end":{"line":16,"column":14}},"3":{"start":{"line":17,"column":12},"end":{"line":20,"column":14}},"4":{"start":{"line":23,"column":4},"end":{"line":32,"column":7}},"5":{"start":{"line":33,"column":4},"end":{"line":33,"column":18}}},"fnMap":{"0":{"name":"(anonymous_0)","decl":{"start":{"line":5,"column":17},"end":{"line":5,"column":18}},"loc":{"start":{"line":5,"column":43},"end":{"line":34,"column":1}},"line":5},"1":{"name":"(anonymous_1)","decl":{"start":{"line":12,"column":8},"end":{"line":12,"column":9}},"loc":{"start":{"line":12,"column":33},"end":{"line":21,"column":9}},"line":12}},"branchMap":{},"s":{"0":1,"1":1,"2":1,"3":1,"4":1,"5":1},"f":{"0":1,"1":1},"b":{},"_coverageSchema":"1a1c01bbd47fc00a2c39e90264f33305004495a9","hash":"4b6937ee8334cde100f61dc9caa4e2a49df5c384"}
,"C:\\Users\\meuti\\OneDrive\\Documents\\Glints\\kas-e\\models\\profiles.js": {"path":"C:\\Users\\meuti\\OneDrive\\Documents\\Glints\\kas-e\\models\\profiles.js","statementMap":{"0":{"start":{"line":4,"column":4},"end":{"line":4,"column":24}},"1":{"start":{"line":5,"column":0},"end":{"line":31,"column":2}},"2":{"start":{"line":14,"column":12},"end":{"line":14,"column":88}},"3":{"start":{"line":17,"column":4},"end":{"line":29,"column":7}},"4":{"start":{"line":30,"column":4},"end":{"line":30,"column":20}}},"fnMap":{"0":{"name":"(anonymous_0)","decl":{"start":{"line":5,"column":17},"end":{"line":5,"column":18}},"loc":{"start":{"line":5,"column":43},"end":{"line":31,"column":1}},"line":5},"1":{"name":"(anonymous_1)","decl":{"start":{"line":12,"column":8},"end":{"line":12,"column":9}},"loc":{"start":{"line":12,"column":33},"end":{"line":15,"column":9}},"line":12}},"branchMap":{},"s":{"0":1,"1":1,"2":1,"3":1,"4":1},"f":{"0":1,"1":1},"b":{},"_coverageSchema":"1a1c01bbd47fc00a2c39e90264f33305004495a9","hash":"2b68862039c63137185600905819bdf6e6bd38a6"}
,"C:\\Users\\meuti\\OneDrive\\Documents\\Glints\\kas-e\\models\\safes.js": {"path":"C:\\Users\\meuti\\OneDrive\\Documents\\Glints\\kas-e\\models\\safes.js","statementMap":{"0":{"start":{"line":4,"column":4},"end":{"line":4,"column":24}},"1":{"start":{"line":5,"column":0},"end":{"line":38,"column":2}},"2":{"start":{"line":14,"column":6},"end":{"line":14,"column":72}},"3":{"start":{"line":15,"column":6},"end":{"line":15,"column":77}},"4":{"start":{"line":18,"column":2},"end":{"line":36,"column":5}},"5":{"start":{"line":37,"column":2},"end":{"line":37,"column":15}}},"fnMap":{"0":{"name":"(anonymous_0)","decl":{"start":{"line":5,"column":17},"end":{"line":5,"column":18}},"loc":{"start":{"line":5,"column":43},"end":{"line":38,"column":1}},"line":5},"1":{"name":"(anonymous_1)","decl":{"start":{"line":12,"column":4},"end":{"line":12,"column":5}},"loc":{"start":{"line":12,"column":29},"end":{"line":16,"column":5}},"line":12}},"branchMap":{},"s":{"0":1,"1":1,"2":1,"3":1,"4":1,"5":1},"f":{"0":1,"1":1},"b":{},"_coverageSchema":"1a1c01bbd47fc00a2c39e90264f33305004495a9","hash":"7fd1ced56c1e5a8d926abc86d10eb5d125e3a743"}
,"C:\\Users\\meuti\\OneDrive\\Documents\\Glints\\kas-e\\models\\transactions.js": {"path":"C:\\Users\\meuti\\OneDrive\\Documents\\Glints\\kas-e\\models\\transactions.js","statementMap":{"0":{"start":{"line":4,"column":4},"end":{"line":4,"column":24}},"1":{"start":{"line":5,"column":0},"end":{"line":35,"column":2}},"2":{"start":{"line":14,"column":12},"end":{"line":14,"column":92}},"3":{"start":{"line":15,"column":12},"end":{"line":18,"column":14}},"4":{"start":{"line":19,"column":12},"end":{"line":19,"column":92}},"5":{"start":{"line":22,"column":4},"end":{"line":33,"column":7}},"6":{"start":{"line":34,"column":4},"end":{"line":34,"column":24}}},"fnMap":{"0":{"name":"(anonymous_0)","decl":{"start":{"line":5,"column":17},"end":{"line":5,"column":18}},"loc":{"start":{"line":5,"column":43},"end":{"line":35,"column":1}},"line":5},"1":{"name":"(anonymous_1)","decl":{"start":{"line":12,"column":8},"end":{"line":12,"column":9}},"loc":{"start":{"line":12,"column":33},"end":{"line":20,"column":9}},"line":12}},"branchMap":{},"s":{"0":1,"1":1,"2":1,"3":1,"4":1,"5":1,"6":1},"f":{"0":1,"1":1},"b":{},"_coverageSchema":"1a1c01bbd47fc00a2c39e90264f33305004495a9","hash":"7efade1946103f55b3297c2e11dd231dd60a0463"}
,"C:\\Users\\meuti\\OneDrive\\Documents\\Glints\\kas-e\\models\\users.js": {"path":"C:\\Users\\meuti\\OneDrive\\Documents\\Glints\\kas-e\\models\\users.js","statementMap":{"0":{"start":{"line":2,"column":15},"end":{"line":2,"column":30}},"1":{"start":{"line":5,"column":4},"end":{"line":5,"column":24}},"2":{"start":{"line":6,"column":0},"end":{"line":47,"column":2}},"3":{"start":{"line":15,"column":12},"end":{"line":15,"column":86}},"4":{"start":{"line":16,"column":12},"end":{"line":16,"column":83}},"5":{"start":{"line":17,"column":12},"end":{"line":17,"column":90}},"6":{"start":{"line":18,"column":12},"end":{"line":18,"column":84}},"7":{"start":{"line":21,"column":4},"end":{"line":45,"column":7}},"8":{"start":{"line":46,"column":4},"end":{"line":46,"column":17}}},"fnMap":{"0":{"name":"(anonymous_0)","decl":{"start":{"line":6,"column":17},"end":{"line":6,"column":18}},"loc":{"start":{"line":6,"column":43},"end":{"line":47,"column":1}},"line":6},"1":{"name":"(anonymous_1)","decl":{"start":{"line":13,"column":8},"end":{"line":13,"column":9}},"loc":{"start":{"line":13,"column":33},"end":{"line":19,"column":9}},"line":13}},"branchMap":{},"s":{"0":1,"1":1,"2":1,"3":1,"4":1,"5":1,"6":1,"7":1,"8":1},"f":{"0":1,"1":1},"b":{},"_coverageSchema":"1a1c01bbd47fc00a2c39e90264f33305004495a9","hash":"0f461b5bc9ad005ae79144028d97adefc9808beb"}
,"C:\\Users\\meuti\\OneDrive\\Documents\\Glints\\kas-e\\routes\\categoriesRoute.js": {"path":"C:\\Users\\meuti\\OneDrive\\Documents\\Glints\\kas-e\\routes\\categoriesRoute.js","statementMap":{"0":{"start":{"line":1,"column":16},"end":{"line":1,"column":34}},"1":{"start":{"line":2,"column":15},"end":{"line":2,"column":31}},"2":{"start":{"line":3,"column":19},"end":{"line":3,"column":65}},"3":{"start":{"line":4,"column":13},"end":{"line":4,"column":53}},"4":{"start":{"line":5,"column":15},"end":{"line":5,"column":55}},"5":{"start":{"line":6,"column":15},"end":{"line":6,"column":32}},"6":{"start":{"line":7,"column":13},"end":{"line":7,"column":21}},"7":{"start":{"line":9,"column":0},"end":{"line":9,"column":60}},"8":{"start":{"line":10,"column":0},"end":{"line":10,"column":46}},"9":{"start":{"line":11,"column":0},"end":{"line":11,"column":76}},"10":{"start":{"line":12,"column":0},"end":{"line":12,"column":49}},"11":{"start":{"line":14,"column":0},"end":{"line":14,"column":24}}},"fnMap":{},"branchMap":{},"s":{"0":1,"1":1,"2":1,"3":1,"4":1,"5":1,"6":1,"7":1,"8":1,"9":1,"10":1,"11":1},"f":{},"b":{},"_coverageSchema":"1a1c01bbd47fc00a2c39e90264f33305004495a9","hash":"d2066af8db86149be3a13fb62d268a9954c977ee"}
,"C:\\Users\\meuti\\OneDrive\\Documents\\Glints\\kas-e\\routes\\index.js": {"path":"C:\\Users\\meuti\\OneDrive\\Documents\\Glints\\kas-e\\routes\\index.js","statementMap":{"0":{"start":{"line":1,"column":16},"end":{"line":1,"column":34}},"1":{"start":{"line":2,"column":15},"end":{"line":2,"column":32}},"2":{"start":{"line":3,"column":15},"end":{"line":3,"column":31}},"3":{"start":{"line":4,"column":14},"end":{"line":4,"column":38}},"4":{"start":{"line":5,"column":17},"end":{"line":5,"column":45}},"5":{"start":{"line":6,"column":13},"end":{"line":6,"column":36}},"6":{"start":{"line":7,"column":16},"end":{"line":7,"column":42}},"7":{"start":{"line":8,"column":20},"end":{"line":8,"column":50}},"8":{"start":{"line":9,"column":18},"end":{"line":9,"column":42}},"9":{"start":{"line":10,"column":15},"end":{"line":10,"column":40}},"10":{"start":{"line":12,"column":0},"end":{"line":12,"column":28}},"11":{"start":{"line":13,"column":0},"end":{"line":13,"column":34}},"12":{"start":{"line":14,"column":0},"end":{"line":14,"column":26}},"13":{"start":{"line":15,"column":0},"end":{"line":15,"column":32}},"14":{"start":{"line":16,"column":0},"end":{"line":16,"column":40}},"15":{"start":{"line":17,"column":0},"end":{"line":17,"column":31}},"16":{"start":{"line":18,"column":0},"end":{"line":18,"column":30}},"17":{"start":{"line":20,"column":0},"end":{"line":20,"column":24}}},"fnMap":{},"branchMap":{},"s":{"0":1,"1":1,"2":1,"3":1,"4":1,"5":1,"6":1,"7":1,"8":1,"9":1,"10":1,"11":1,"12":1,"13":1,"14":1,"15":1,"16":1,"17":1},"f":{},"b":{},"_coverageSchema":"1a1c01bbd47fc00a2c39e90264f33305004495a9","hash":"a74766a2ff96b912bf46f0a9b8e36aab16615ab3"}
,"C:\\Users\\meuti\\OneDrive\\Documents\\Glints\\kas-e\\routes\\limitsRoute.js": {"path":"C:\\Users\\meuti\\OneDrive\\Documents\\Glints\\kas-e\\routes\\limitsRoute.js","statementMap":{"0":{"start":{"line":1,"column":16},"end":{"line":1,"column":34}},"1":{"start":{"line":2,"column":15},"end":{"line":2,"column":31}},"2":{"start":{"line":3,"column":14},"end":{"line":3,"column":56}},"3":{"start":{"line":4,"column":13},"end":{"line":4,"column":53}},"4":{"start":{"line":5,"column":15},"end":{"line":5,"column":32}},"5":{"start":{"line":7,"column":0},"end":{"line":7,"column":40}},"6":{"start":{"line":8,"column":0},"end":{"line":8,"column":44}},"7":{"start":{"line":9,"column":0},"end":{"line":9,"column":36}},"8":{"start":{"line":10,"column":0},"end":{"line":10,"column":39}},"9":{"start":{"line":11,"column":0},"end":{"line":11,"column":43}},"10":{"start":{"line":13,"column":0},"end":{"line":13,"column":23}}},"fnMap":{},"branchMap":{},"s":{"0":1,"1":1,"2":1,"3":1,"4":1,"5":1,"6":1,"7":1,"8":1,"9":1,"10":1},"f":{},"b":{},"_coverageSchema":"1a1c01bbd47fc00a2c39e90264f33305004495a9","hash":"4bde18ca6b9cf56c5af4b49a804cee0f03d4a6f2"}
,"C:\\Users\\meuti\\OneDrive\\Documents\\Glints\\kas-e\\routes\\profilesRoute.js": {"path":"C:\\Users\\meuti\\OneDrive\\Documents\\Glints\\kas-e\\routes\\profilesRoute.js","statementMap":{"0":{"start":{"line":1,"column":16},"end":{"line":1,"column":34}},"1":{"start":{"line":2,"column":15},"end":{"line":2,"column":31}},"2":{"start":{"line":3,"column":17},"end":{"line":3,"column":61}},"3":{"start":{"line":4,"column":13},"end":{"line":4,"column":53}},"4":{"start":{"line":5,"column":15},"end":{"line":5,"column":55}},"5":{"start":{"line":7,"column":0},"end":{"line":7,"column":45}},"6":{"start":{"line":8,"column":0},"end":{"line":8,"column":73}},"7":{"start":{"line":9,"column":0},"end":{"line":9,"column":57}},"8":{"start":{"line":11,"column":0},"end":{"line":11,"column":24}}},"fnMap":{},"branchMap":{},"s":{"0":1,"1":1,"2":1,"3":1,"4":1,"5":1,"6":1,"7":1,"8":1},"f":{},"b":{},"_coverageSchema":"1a1c01bbd47fc00a2c39e90264f33305004495a9","hash":"c89065020f4d5ec4b67e06059d28dad5ae35f06e"}
,"C:\\Users\\meuti\\OneDrive\\Documents\\Glints\\kas-e\\routes\\reportsRoute.js": {"path":"C:\\Users\\meuti\\OneDrive\\Documents\\Glints\\kas-e\\routes\\reportsRoute.js","statementMap":{"0":{"start":{"line":1,"column":16},"end":{"line":1,"column":34}},"1":{"start":{"line":2,"column":15},"end":{"line":2,"column":31}},"2":{"start":{"line":3,"column":15},"end":{"line":3,"column":58}},"3":{"start":{"line":4,"column":13},"end":{"line":4,"column":53}},"4":{"start":{"line":6,"column":0},"end":{"line":6,"column":44}},"5":{"start":{"line":7,"column":0},"end":{"line":7,"column":48}},"6":{"start":{"line":9,"column":0},"end":{"line":9,"column":24}}},"fnMap":{},"branchMap":{},"s":{"0":1,"1":1,"2":1,"3":1,"4":1,"5":1,"6":1},"f":{},"b":{},"_coverageSchema":"1a1c01bbd47fc00a2c39e90264f33305004495a9","hash":"69b00271f8c3fa0048b14926f1b8e7f684c15b33"}
,"C:\\Users\\meuti\\OneDrive\\Documents\\Glints\\kas-e\\routes\\safesRoutes.js": {"path":"C:\\Users\\meuti\\OneDrive\\Documents\\Glints\\kas-e\\routes\\safesRoutes.js","statementMap":{"0":{"start":{"line":1,"column":16},"end":{"line":1,"column":34}},"1":{"start":{"line":2,"column":15},"end":{"line":2,"column":31}},"2":{"start":{"line":3,"column":24},"end":{"line":3,"column":65}},"3":{"start":{"line":4,"column":13},"end":{"line":4,"column":53}},"4":{"start":{"line":5,"column":14},"end":{"line":5,"column":50}},"5":{"start":{"line":6,"column":15},"end":{"line":6,"column":32}},"6":{"start":{"line":7,"column":13},"end":{"line":7,"column":21}},"7":{"start":{"line":9,"column":0},"end":{"line":9,"column":69}},"8":{"start":{"line":10,"column":0},"end":{"line":10,"column":54}},"9":{"start":{"line":11,"column":0},"end":{"line":11,"column":50}},"10":{"start":{"line":12,"column":0},"end":{"line":12,"column":56}},"11":{"start":{"line":14,"column":0},"end":{"line":14,"column":24}}},"fnMap":{},"branchMap":{},"s":{"0":1,"1":1,"2":1,"3":1,"4":1,"5":1,"6":1,"7":1,"8":1,"9":1,"10":1,"11":1},"f":{},"b":{},"_coverageSchema":"1a1c01bbd47fc00a2c39e90264f33305004495a9","hash":"366713869d6cc4e0f29faf1d5ebbedf1d7f6bbe7"}
,"C:\\Users\\meuti\\OneDrive\\Documents\\Glints\\kas-e\\routes\\transactionsRoute.js": {"path":"C:\\Users\\meuti\\OneDrive\\Documents\\Glints\\kas-e\\routes\\transactionsRoute.js","statementMap":{"0":{"start":{"line":1,"column":15},"end":{"line":1,"column":42}},"1":{"start":{"line":2,"column":21},"end":{"line":2,"column":69}},"2":{"start":{"line":3,"column":13},"end":{"line":3,"column":53}},"3":{"start":{"line":4,"column":14},"end":{"line":4,"column":50}},"4":{"start":{"line":5,"column":15},"end":{"line":5,"column":32}},"5":{"start":{"line":6,"column":13},"end":{"line":6,"column":21}},"6":{"start":{"line":8,"column":0},"end":{"line":8,"column":72}},"7":{"start":{"line":9,"column":0},"end":{"line":9,"column":72}},"8":{"start":{"line":10,"column":0},"end":{"line":10,"column":71}},"9":{"start":{"line":11,"column":0},"end":{"line":11,"column":75}},"10":{"start":{"line":12,"column":0},"end":{"line":12,"column":57}},"11":{"start":{"line":13,"column":0},"end":{"line":13,"column":60}},"12":{"start":{"line":15,"column":0},"end":{"line":15,"column":24}}},"fnMap":{},"branchMap":{},"s":{"0":1,"1":1,"2":1,"3":1,"4":1,"5":1,"6":1,"7":1,"8":1,"9":1,"10":1,"11":1,"12":1},"f":{},"b":{},"_coverageSchema":"1a1c01bbd47fc00a2c39e90264f33305004495a9","hash":"774ef9508494267ef4f49eae4b36d2a6801df606"}
,"C:\\Users\\meuti\\OneDrive\\Documents\\Glints\\kas-e\\routes\\usersRoute.js": {"path":"C:\\Users\\meuti\\OneDrive\\Documents\\Glints\\kas-e\\routes\\usersRoute.js","statementMap":{"0":{"start":{"line":1,"column":16},"end":{"line":1,"column":34}},"1":{"start":{"line":2,"column":15},"end":{"line":2,"column":31}},"2":{"start":{"line":3,"column":14},"end":{"line":3,"column":55}},"3":{"start":{"line":4,"column":17},"end":{"line":4,"column":51}},"4":{"start":{"line":5,"column":15},"end":{"line":5,"column":32}},"5":{"start":{"line":6,"column":13},"end":{"line":6,"column":21}},"6":{"start":{"line":8,"column":0},"end":{"line":8,"column":47}},"7":{"start":{"line":9,"column":0},"end":{"line":9,"column":53}},"8":{"start":{"line":10,"column":0},"end":{"line":10,"column":41}},"9":{"start":{"line":11,"column":0},"end":{"line":11,"column":57}},"10":{"start":{"line":12,"column":0},"end":{"line":12,"column":74}},"11":{"start":{"line":13,"column":0},"end":{"line":16,"column":2}},"12":{"start":{"line":17,"column":0},"end":{"line":19,"column":2}},"13":{"start":{"line":18,"column":2},"end":{"line":18,"column":52}},"14":{"start":{"line":20,"column":0},"end":{"line":24,"column":2}},"15":{"start":{"line":25,"column":0},"end":{"line":28,"column":2}},"16":{"start":{"line":29,"column":0},"end":{"line":31,"column":2}},"17":{"start":{"line":30,"column":2},"end":{"line":30,"column":52}},"18":{"start":{"line":32,"column":0},"end":{"line":36,"column":2}},"19":{"start":{"line":38,"column":0},"end":{"line":38,"column":24}}},"fnMap":{"0":{"name":"(anonymous_0)","decl":{"start":{"line":17,"column":22},"end":{"line":17,"column":23}},"loc":{"start":{"line":18,"column":2},"end":{"line":18,"column":52}},"line":18},"1":{"name":"(anonymous_1)","decl":{"start":{"line":29,"column":22},"end":{"line":29,"column":23}},"loc":{"start":{"line":30,"column":2},"end":{"line":30,"column":52}},"line":30}},"branchMap":{},"s":{"0":1,"1":1,"2":1,"3":1,"4":1,"5":1,"6":1,"7":1,"8":1,"9":1,"10":1,"11":1,"12":1,"13":0,"14":1,"15":1,"16":1,"17":0,"18":1,"19":1},"f":{"0":0,"1":0},"b":{},"_coverageSchema":"1a1c01bbd47fc00a2c39e90264f33305004495a9","hash":"990e1776d1b1ca39ab5001a9578da3ff67bb1d83"}
}
