TN:
SF:index.js
FN:21,(anonymous_0)
FN:24,(anonymous_1)
FN:30,(anonymous_2)
FN:35,(anonymous_3)
FNF:4
FNH:0
FNDA:0,(anonymous_0)
FNDA:0,(anonymous_1)
FNDA:0,(anonymous_2)
FNDA:0,(anonymous_3)
DA:1,1
DA:2,1
DA:3,1
DA:4,1
DA:5,1
DA:6,1
DA:7,1
DA:9,1
DA:15,1
DA:16,1
DA:17,1
DA:18,1
DA:19,1
DA:20,1
DA:21,1
DA:22,0
DA:24,1
DA:25,0
DA:30,1
DA:31,0
DA:34,1
DA:35,0
DA:36,0
DA:39,1
LF:24
LH:19
BRDA:7,0,0,1
BRDA:7,0,1,1
BRDA:34,1,0,0
BRDA:34,1,1,1
BRF:4
BRH:3
end_of_record
TN:
SF:config\config.js
FNF:0
FNH:0
DA:1,1
DA:3,1
LF:2
LH:2
BRF:0
BRH:0
end_of_record
TN:
SF:controllers\categoriesController.js
FN:6,(anonymous_0)
FN:55,(anonymous_1)
FN:80,(anonymous_2)
FN:146,(anonymous_3)
FNF:4
FNH:0
FNDA:0,(anonymous_0)
FNDA:0,(anonymous_1)
FNDA:0,(anonymous_2)
FNDA:0,(anonymous_3)
DA:1,1
DA:2,1
DA:3,1
DA:5,1
DA:7,0
DA:8,0
DA:9,0
DA:14,0
DA:22,0
DA:23,0
DA:30,0
DA:35,0
DA:36,0
DA:42,0
DA:48,0
DA:56,0
DA:57,0
DA:60,0
DA:61,0
DA:67,0
DA:73,0
DA:81,0
DA:82,0
DA:83,0
DA:89,0
DA:98,0
DA:99,0
DA:106,0
DA:119,0
DA:120,0
DA:127,0
DA:133,0
DA:139,0
DA:147,0
DA:148,0
DA:149,0
DA:154,0
DA:155,0
DA:161,0
DA:166,0
LF:40
LH:4
BRDA:22,0,0,0
BRDA:22,0,1,0
BRDA:35,1,0,0
BRDA:35,1,1,0
BRDA:60,2,0,0
BRDA:60,2,1,0
BRDA:92,3,0,0
BRDA:92,3,1,0
BRDA:98,4,0,0
BRDA:98,4,1,0
BRDA:109,5,0,0
BRDA:109,5,1,0
BRDA:109,6,0,0
BRDA:109,6,1,0
BRDA:119,7,0,0
BRDA:119,7,1,0
BRDA:154,8,0,0
BRDA:154,8,1,0
BRF:18
BRH:0
end_of_record
TN:
SF:controllers\limitsController.js
FN:5,(anonymous_0)
FN:8,(anonymous_1)
FN:9,(anonymous_2)
FN:10,(anonymous_3)
FN:83,(anonymous_4)
FN:117,(anonymous_5)
FN:152,(anonymous_6)
FN:217,(anonymous_7)
FNF:8
FNH:0
FNDA:0,(anonymous_0)
FNDA:0,(anonymous_1)
FNDA:0,(anonymous_2)
FNDA:0,(anonymous_3)
FNDA:0,(anonymous_4)
FNDA:0,(anonymous_5)
FNDA:0,(anonymous_6)
FNDA:0,(anonymous_7)
DA:1,1
DA:2,1
DA:4,1
DA:6,0
DA:7,0
DA:8,0
DA:9,0
DA:10,0
DA:11,0
DA:12,0
DA:13,0
DA:21,0
DA:61,0
DA:63,0
DA:64,0
DA:70,0
DA:76,0
DA:84,0
DA:85,0
DA:86,0
DA:97,0
DA:98,0
DA:104,0
DA:110,0
DA:118,0
DA:119,0
DA:120,0
DA:132,0
DA:133,0
DA:139,0
DA:145,0
DA:153,0
DA:154,0
DA:155,0
DA:156,0
DA:161,0
DA:169,0
DA:170,0
DA:177,0
DA:189,0
DA:190,0
DA:197,0
DA:204,0
DA:210,0
DA:218,0
DA:219,0
DA:220,0
DA:221,0
DA:227,0
DA:228,0
DA:234,0
DA:239,0
LF:52
LH:3
BRDA:63,0,0,0
BRDA:63,0,1,0
BRDA:97,1,0,0
BRDA:97,1,1,0
BRDA:132,2,0,0
BRDA:132,2,1,0
BRDA:169,3,0,0
BRDA:169,3,1,0
BRDA:189,4,0,0
BRDA:189,4,1,0
BRDA:227,5,0,0
BRDA:227,5,1,0
BRF:12
BRH:0
end_of_record
TN:
SF:controllers\profilesController.js
FN:7,(anonymous_0)
FN:41,(anonymous_1)
FN:73,(anonymous_2)
FN:164,(anonymous_3)
FNF:4
FNH:0
FNDA:0,(anonymous_0)
FNDA:0,(anonymous_1)
FNDA:0,(anonymous_2)
FNDA:0,(anonymous_3)
DA:1,1
DA:2,1
DA:3,1
DA:4,1
DA:6,1
DA:8,0
DA:10,0
DA:11,0
DA:20,0
DA:21,0
DA:28,0
DA:34,0
DA:42,0
DA:43,0
DA:45,0
DA:46,0
DA:56,0
DA:69,0
DA:70,0
DA:73,0
DA:77,0
DA:78,0
DA:84,0
DA:89,0
DA:90,0
DA:97,0
DA:99,0
DA:105,0
DA:114,0
DA:115,0
DA:121,0
DA:135,0
DA:136,0
DA:143,0
DA:151,0
DA:157,0
DA:165,0
DA:166,0
DA:167,0
DA:168,0
DA:169,0
DA:175,0
DA:180,0
LF:43
LH:5
BRDA:20,0,0,0
BRDA:20,0,1,0
BRDA:64,1,0,0
BRDA:64,1,1,0
BRDA:69,2,0,0
BRDA:69,2,1,0
BRDA:77,3,0,0
BRDA:77,3,1,0
BRDA:89,4,0,0
BRDA:89,4,1,0
BRDA:114,5,0,0
BRDA:114,5,1,0
BRDA:126,6,0,0
BRDA:126,6,1,0
BRDA:126,7,0,0
BRDA:126,7,1,0
BRDA:135,8,0,0
BRDA:135,8,1,0
BRDA:168,9,0,0
BRDA:168,9,1,0
BRF:20
BRH:0
end_of_record
TN:
SF:controllers\reportsController.js
FN:6,(anonymous_0)
FN:102,(anonymous_1)
FNF:2
FNH:0
FNDA:0,(anonymous_0)
FNDA:0,(anonymous_1)
DA:1,1
DA:2,1
DA:5,1
DA:7,0
DA:8,0
DA:9,0
DA:10,0
DA:11,0
DA:13,0
DA:31,0
DA:32,0
DA:39,0
DA:58,0
DA:59,0
DA:66,0
DA:67,0
DA:73,0
DA:74,0
DA:80,0
DA:81,0
DA:88,0
DA:95,0
DA:103,0
DA:104,0
DA:105,0
DA:106,0
DA:107,0
DA:109,0
DA:127,0
DA:128,0
DA:135,0
DA:153,0
DA:154,0
DA:160,0
DA:161,0
DA:167,0
DA:168,0
DA:174,0
DA:175,0
DA:182,0
DA:189,0
DA:190,0
LF:42
LH:3
BRDA:10,0,0,0
BRDA:10,0,1,0
BRDA:31,1,0,0
BRDA:31,1,1,0
BRDA:58,2,0,0
BRDA:58,2,1,0
BRDA:66,3,0,0
BRDA:66,3,1,0
BRDA:66,4,0,0
BRDA:66,4,1,0
BRDA:73,5,0,0
BRDA:73,5,1,0
BRDA:80,6,0,0
BRDA:80,6,1,0
BRDA:106,7,0,0
BRDA:106,7,1,0
BRDA:127,8,0,0
BRDA:127,8,1,0
BRDA:153,9,0,0
BRDA:153,9,1,0
BRDA:160,10,0,0
BRDA:160,10,1,0
BRDA:160,11,0,0
BRDA:160,11,1,0
BRDA:167,12,0,0
BRDA:167,12,1,0
BRDA:174,13,0,0
BRDA:174,13,1,0
BRF:28
BRH:0
end_of_record
TN:
SF:controllers\safesController.js
FN:6,(anonymous_0)
FN:59,(anonymous_1)
FN:103,(anonymous_2)
FN:149,(anonymous_3)
FN:153,(anonymous_4)
FN:222,(anonymous_5)
FNF:6
FNH:0
FNDA:0,(anonymous_0)
FNDA:0,(anonymous_1)
FNDA:0,(anonymous_2)
FNDA:0,(anonymous_3)
FNDA:0,(anonymous_4)
FNDA:0,(anonymous_5)
DA:1,1
DA:2,1
DA:3,1
DA:5,1
DA:7,0
DA:8,0
DA:9,0
DA:10,0
DA:15,0
DA:24,0
DA:25,0
DA:33,0
DA:39,0
DA:40,0
DA:46,0
DA:52,0
DA:60,0
DA:61,0
DA:62,0
DA:63,0
DA:82,0
DA:83,0
DA:89,0
DA:95,0
DA:104,0
DA:105,0
DA:106,0
DA:107,0
DA:113,0
DA:119,0
DA:120,0
DA:128,0
DA:141,0
DA:142,0
DA:149,0
DA:150,0
DA:153,0
DA:154,0
DA:157,0
DA:159,0
DA:167,0
DA:168,0
DA:169,0
DA:183,0
DA:194,0
DA:195,0
DA:202,0
DA:209,0
DA:215,0
DA:223,0
DA:224,0
DA:230,0
DA:231,0
DA:237,0
DA:243,0
LF:55
LH:4
BRDA:24,0,0,0
BRDA:24,0,1,0
BRDA:39,1,0,0
BRDA:39,1,1,0
BRDA:54,2,0,0
BRDA:54,2,1,0
BRDA:82,3,0,0
BRDA:82,3,1,0
BRDA:97,4,0,0
BRDA:97,4,1,0
BRDA:119,5,0,0
BRDA:119,5,1,0
BRDA:141,6,0,0
BRDA:141,6,1,0
BRDA:167,7,0,0
BRDA:167,7,1,0
BRDA:194,8,0,0
BRDA:194,8,1,0
BRDA:230,9,0,0
BRDA:230,9,1,0
BRDA:245,10,0,0
BRDA:245,10,1,0
BRF:22
BRH:0
end_of_record
TN:
SF:controllers\transactionsController.js
FN:7,(anonymous_0)
FN:97,(anonymous_1)
FN:104,(anonymous_2)
FN:115,(anonymous_3)
FN:123,(anonymous_4)
FN:149,(anonymous_5)
FN:157,(anonymous_6)
FN:223,(anonymous_7)
FN:260,(anonymous_8)
FN:305,(anonymous_9)
FN:322,(anonymous_10)
FN:373,(anonymous_11)
FN:478,(anonymous_12)
FN:537,(anonymous_13)
FN:604,(anonymous_14)
FN:612,(anonymous_15)
FN:623,(anonymous_16)
FN:630,(anonymous_17)
FNF:18
FNH:0
FNDA:0,(anonymous_0)
FNDA:0,(anonymous_1)
FNDA:0,(anonymous_2)
FNDA:0,(anonymous_3)
FNDA:0,(anonymous_4)
FNDA:0,(anonymous_5)
FNDA:0,(anonymous_6)
FNDA:0,(anonymous_7)
FNDA:0,(anonymous_8)
FNDA:0,(anonymous_9)
FNDA:0,(anonymous_10)
FNDA:0,(anonymous_11)
FNDA:0,(anonymous_12)
FNDA:0,(anonymous_13)
FNDA:0,(anonymous_14)
FNDA:0,(anonymous_15)
FNDA:0,(anonymous_16)
FNDA:0,(anonymous_17)
DA:1,1
DA:2,1
DA:3,1
DA:4,1
DA:6,1
DA:8,0
DA:9,0
DA:10,0
DA:11,0
DA:19,0
DA:30,0
DA:31,0
DA:38,0
DA:45,0
DA:46,0
DA:53,0
DA:61,0
DA:62,0
DA:70,0
DA:80,0
DA:81,0
DA:89,0
DA:97,0
DA:98,0
DA:102,0
DA:103,0
DA:104,0
DA:107,0
DA:115,0
DA:116,0
DA:120,0
DA:121,0
DA:122,0
DA:123,0
DA:126,0
DA:129,0
DA:141,0
DA:149,0
DA:150,0
DA:154,0
DA:155,0
DA:156,0
DA:157,0
DA:159,0
DA:161,0
DA:174,0
DA:202,0
DA:203,0
DA:210,0
DA:216,0
DA:224,0
DA:225,0
DA:227,0
DA:228,0
DA:229,0
DA:230,0
DA:235,0
DA:236,0
DA:237,0
DA:244,0
DA:249,0
DA:260,0
DA:261,0
DA:284,0
DA:285,0
DA:292,0
DA:298,0
DA:306,0
DA:307,0
DA:309,0
DA:310,0
DA:311,0
DA:322,0
DA:324,0
DA:352,0
DA:353,0
DA:360,0
DA:366,0
DA:374,0
DA:375,0
DA:376,0
DA:377,0
DA:378,0
DA:385,0
DA:395,0
DA:396,0
DA:403,0
DA:410,0
DA:415,0
DA:416,0
DA:423,0
DA:427,0
DA:434,0
DA:438,0
DA:450,0
DA:461,0
DA:465,0
DA:471,0
DA:479,0
DA:480,0
DA:481,0
DA:482,0
DA:489,0
DA:496,0
DA:498,0
DA:510,0
DA:517,0
DA:518,0
DA:525,0
DA:530,0
DA:538,0
DA:539,0
DA:540,0
DA:541,0
DA:547,0
DA:556,0
DA:557,0
DA:564,0
DA:571,0
DA:572,0
DA:579,0
DA:587,0
DA:588,0
DA:596,0
DA:604,0
DA:605,0
DA:609,0
DA:610,0
DA:611,0
DA:612,0
DA:615,0
DA:623,0
DA:624,0
DA:628,0
DA:629,0
DA:630,0
DA:633,0
DA:636,0
DA:648,0
DA:660,0
DA:666,0
LF:141
LH:5
BRDA:30,0,0,0
BRDA:30,0,1,0
BRDA:45,1,0,0
BRDA:45,1,1,0
BRDA:61,2,0,0
BRDA:61,2,1,0
BRDA:80,3,0,0
BRDA:80,3,1,0
BRDA:102,4,0,0
BRDA:102,4,1,0
BRDA:103,5,0,0
BRDA:103,5,1,0
BRDA:120,6,0,0
BRDA:120,6,1,0
BRDA:121,7,0,0
BRDA:121,7,1,0
BRDA:122,8,0,0
BRDA:122,8,1,0
BRDA:154,9,0,0
BRDA:154,9,1,0
BRDA:156,10,0,0
BRDA:156,10,1,0
BRDA:202,11,0,0
BRDA:202,11,1,0
BRDA:228,12,0,0
BRDA:228,12,1,0
BRDA:229,13,0,0
BRDA:229,13,1,0
BRDA:284,14,0,0
BRDA:284,14,1,0
BRDA:310,15,0,0
BRDA:310,15,1,0
BRDA:352,16,0,0
BRDA:352,16,1,0
BRDA:395,17,0,0
BRDA:395,17,1,0
BRDA:415,18,0,0
BRDA:415,18,1,0
BRDA:517,19,0,0
BRDA:517,19,1,0
BRDA:556,20,0,0
BRDA:556,20,1,0
BRDA:571,21,0,0
BRDA:571,21,1,0
BRDA:587,22,0,0
BRDA:587,22,1,0
BRDA:609,23,0,0
BRDA:609,23,1,0
BRDA:610,24,0,0
BRDA:610,24,1,0
BRDA:611,25,0,0
BRDA:611,25,1,0
BRDA:628,26,0,0
BRDA:628,26,1,0
BRDA:629,27,0,0
BRDA:629,27,1,0
BRF:56
BRH:0
end_of_record
TN:
SF:controllers\usersController.js
FN:13,(anonymous_0)
FN:43,(anonymous_1)
FN:111,(anonymous_2)
FN:130,(anonymous_3)
FN:179,(anonymous_4)
FN:193,(anonymous_5)
FN:248,(anonymous_6)
FN:293,(anonymous_7)
FN:305,(anonymous_8)
FN:391,(anonymous_9)
FN:423,(anonymous_10)
FNF:11
FNH:0
FNDA:0,(anonymous_0)
FNDA:0,(anonymous_1)
FNDA:0,(anonymous_2)
FNDA:0,(anonymous_3)
FNDA:0,(anonymous_4)
FNDA:0,(anonymous_5)
FNDA:0,(anonymous_6)
FNDA:0,(anonymous_7)
FNDA:0,(anonymous_8)
FNDA:0,(anonymous_9)
FNDA:0,(anonymous_10)
DA:1,1
DA:2,1
DA:3,1
DA:4,1
DA:5,1
DA:6,1
DA:7,1
DA:8,1
DA:9,1
DA:10,1
DA:12,1
DA:14,0
DA:15,0
DA:16,0
DA:26,0
DA:39,0
DA:40,0
DA:43,0
DA:46,0
DA:52,0
DA:53,0
DA:60,0
DA:61,0
DA:68,0
DA:75,0
DA:83,0
DA:90,0
DA:97,0
DA:98,0
DA:111,0
DA:112,0
DA:113,0
DA:115,0
DA:118,0
DA:123,0
DA:131,0
DA:132,0
DA:133,0
DA:134,0
DA:135,0
DA:141,0
DA:142,0
DA:148,0
DA:149,0
DA:155,0
DA:165,0
DA:170,0
DA:172,0
DA:180,0
DA:181,0
DA:182,0
DA:187,0
DA:189,0
DA:190,0
DA:193,0
DA:197,0
DA:203,0
DA:204,0
DA:211,0
DA:213,0
DA:214,0
DA:221,0
DA:222,0
DA:229,0
DA:233,0
DA:235,0
DA:241,0
DA:249,0
DA:250,0
DA:251,0
DA:256,0
DA:257,0
DA:263,0
DA:264,0
DA:268,0
DA:269,0
DA:276,0
DA:283,0
DA:284,0
DA:293,0
DA:294,0
DA:295,0
DA:298,0
DA:302,0
DA:306,0
DA:307,0
DA:308,0
DA:309,0
DA:314,0
DA:323,0
DA:324,0
DA:332,0
DA:333,0
DA:341,0
DA:342,0
DA:343,0
DA:348,0
DA:349,0
DA:356,0
DA:366,0
DA:367,0
DA:374,0
DA:380,0
DA:385,0
DA:387,0
DA:393,0
DA:394,0
DA:399,0
DA:400,0
DA:405,0
DA:410,0
DA:415,0
DA:416,0
DA:420,0
DA:425,0
DA:426,0
DA:431,0
DA:432,0
DA:437,0
DA:442,0
DA:448,0
DA:449,0
DA:453,0
LF:123
LH:11
BRDA:34,0,0,0
BRDA:34,0,1,0
BRDA:39,1,0,0
BRDA:39,1,1,0
BRDA:52,2,0,0
BRDA:52,2,1,0
BRDA:60,3,0,0
BRDA:60,3,1,0
BRDA:80,4,0,0
BRDA:80,4,1,0
BRDA:80,5,0,0
BRDA:80,5,1,0
BRDA:112,6,0,0
BRDA:112,6,1,0
BRDA:134,7,0,0
BRDA:134,7,1,0
BRDA:141,8,0,0
BRDA:141,8,1,0
BRDA:148,9,0,0
BRDA:148,9,1,0
BRDA:189,10,0,0
BRDA:189,10,1,0
BRDA:203,11,0,0
BRDA:203,11,1,0
BRDA:213,12,0,0
BRDA:213,12,1,0
BRDA:221,13,0,0
BRDA:221,13,1,0
BRDA:256,14,0,0
BRDA:256,14,1,0
BRDA:294,15,0,0
BRDA:294,15,1,0
BRDA:323,16,0,0
BRDA:323,16,1,0
BRDA:323,17,0,0
BRDA:323,17,1,0
BRDA:332,18,0,0
BRDA:332,18,1,0
BRDA:342,19,0,0
BRDA:342,19,1,0
BRDA:348,20,0,0
BRDA:348,20,1,0
BRDA:366,21,0,0
BRDA:366,21,1,0
BRDA:399,22,0,0
BRDA:399,22,1,0
BRDA:431,23,0,0
BRDA:431,23,1,0
BRF:48
BRH:0
end_of_record
TN:
SF:helpers\bcrypt.js
FN:4,encrypt
FN:11,checkPass
FNF:2
FNH:0
FNDA:0,encrypt
FNDA:0,checkPass
DA:1,1
DA:5,0
DA:6,0
DA:7,0
DA:12,0
DA:15,1
LF:6
LH:2
BRF:0
BRH:0
end_of_record
TN:
SF:helpers\jwt.js
FN:7,generateToken
FN:13,getUserData
FN:19,resetPassword
FNF:3
FNH:0
FNDA:0,generateToken
FNDA:0,getUserData
FNDA:0,resetPassword
DA:1,1
DA:2,1
DA:3,1
DA:4,1
DA:8,0
DA:9,0
DA:14,0
DA:15,0
DA:20,0
DA:21,0
DA:24,1
LF:11
LH:5
BRDA:7,0,0,0
BRF:1
BRH:0
end_of_record
TN:
SF:middlewares\authentication.js
FN:5,(anonymous_0)
FNF:1
FNH:0
FNDA:0,(anonymous_0)
DA:1,1
DA:2,1
DA:3,1
DA:5,1
DA:6,0
DA:7,0
DA:8,0
DA:9,0
DA:10,0
DA:11,0
DA:13,0
DA:14,0
DA:20,0
DA:22,0
LF:14
LH:4
BRDA:13,0,0,0
BRDA:13,0,1,0
BRF:2
BRH:0
end_of_record
TN:
SF:middlewares\categoriesIcon.js
FN:12,(anonymous_0)
FN:16,(anonymous_1)
FN:45,(anonymous_2)
FN:46,(anonymous_3)
FNF:4
FNH:1
FNDA:1,(anonymous_0)
FNDA:0,(anonymous_1)
FNDA:0,(anonymous_2)
FNDA:0,(anonymous_3)
DA:1,1
DA:2,1
DA:3,1
DA:4,1
DA:6,1
DA:12,1
DA:13,1
DA:14,1
DA:17,0
DA:41,1
DA:45,1
DA:46,0
DA:47,0
DA:51,0
LF:14
LH:10
BRF:0
BRH:0
end_of_record
TN:
SF:middlewares\checkSafes.js
FN:3,(anonymous_0)
FNF:1
FNH:0
FNDA:0,(anonymous_0)
DA:1,1
DA:3,1
DA:4,0
DA:5,0
DA:6,0
DA:14,0
DA:15,0
DA:22,0
DA:23,0
DA:24,0
DA:25,0
DA:31,0
DA:33,0
LF:13
LH:2
BRDA:14,0,0,0
BRDA:14,0,1,0
BRDA:24,1,0,0
BRDA:24,1,1,0
BRF:4
BRH:0
end_of_record
TN:
SF:middlewares\passport.js
FN:6,(anonymous_0)
FN:10,(anonymous_1)
FN:20,(anonymous_2)
FN:34,(anonymous_3)
FNF:4
FNH:0
FNDA:0,(anonymous_0)
FNDA:0,(anonymous_1)
FNDA:0,(anonymous_2)
FNDA:0,(anonymous_3)
DA:1,1
DA:2,1
DA:3,1
DA:4,1
DA:6,1
DA:7,0
DA:10,1
DA:11,0
DA:13,1
DA:21,0
DA:26,1
DA:35,0
DA:40,1
LF:13
LH:9
BRF:0
BRH:0
end_of_record
TN:
SF:middlewares\profilePicture.js
FN:12,(anonymous_0)
FN:16,(anonymous_1)
FN:45,(anonymous_2)
FN:46,(anonymous_3)
FNF:4
FNH:1
FNDA:1,(anonymous_0)
FNDA:0,(anonymous_1)
FNDA:0,(anonymous_2)
FNDA:0,(anonymous_3)
DA:1,1
DA:2,1
DA:3,1
DA:4,1
DA:6,1
DA:12,1
DA:13,1
DA:14,1
DA:17,0
DA:41,1
DA:45,1
DA:46,0
DA:47,0
DA:51,0
LF:14
LH:10
BRF:0
BRH:0
end_of_record
TN:
SF:models\categories.js
FN:3,(anonymous_0)
FN:5,(anonymous_1)
FNF:2
FNH:2
FNDA:1,(anonymous_0)
FNDA:1,(anonymous_1)
DA:2,1
DA:3,1
DA:6,1
DA:10,1
DA:16,1
DA:24,1
LF:6
LH:6
BRF:0
BRH:0
end_of_record
TN:
SF:models\index.js
FN:20,(anonymous_0)
FN:23,(anonymous_1)
FN:28,(anonymous_2)
FNF:3
FNH:3
FNDA:7,(anonymous_0)
FNDA:6,(anonymous_1)
FNDA:6,(anonymous_2)
DA:3,1
DA:4,1
DA:5,1
DA:6,1
DA:7,1
DA:8,1
DA:9,1
DA:12,1
DA:13,0
DA:15,1
DA:18,1
DA:21,7
DA:24,6
DA:25,6
DA:28,1
DA:29,6
DA:30,6
DA:34,1
DA:35,1
DA:37,1
LF:20
LH:19
BRDA:7,0,0,1
BRDA:7,0,1,0
BRDA:12,1,0,0
BRDA:12,1,1,1
BRDA:21,2,0,7
BRDA:21,2,1,7
BRDA:21,2,2,6
BRDA:29,3,0,6
BRDA:29,3,1,0
BRF:9
BRH:6
end_of_record
TN:
SF:models\limits.js
FN:5,(anonymous_0)
FN:12,(anonymous_1)
FNF:2
FNH:2
FNDA:1,(anonymous_0)
FNDA:1,(anonymous_1)
DA:4,1
DA:5,1
DA:13,1
DA:17,1
DA:23,1
DA:33,1
LF:6
LH:6
BRF:0
BRH:0
end_of_record
TN:
SF:models\profiles.js
FN:5,(anonymous_0)
FN:12,(anonymous_1)
FNF:2
FNH:2
FNDA:1,(anonymous_0)
FNDA:1,(anonymous_1)
DA:4,1
DA:5,1
DA:14,1
DA:17,1
DA:30,1
LF:5
LH:5
BRF:0
BRH:0
end_of_record
TN:
SF:models\safes.js
FN:5,(anonymous_0)
FN:12,(anonymous_1)
FNF:2
FNH:2
FNDA:1,(anonymous_0)
FNDA:1,(anonymous_1)
DA:4,1
DA:5,1
DA:14,1
DA:15,1
DA:18,1
DA:37,1
LF:6
LH:6
BRF:0
BRH:0
end_of_record
TN:
SF:models\transactions.js
FN:5,(anonymous_0)
FN:12,(anonymous_1)
FNF:2
FNH:2
FNDA:1,(anonymous_0)
FNDA:1,(anonymous_1)
DA:4,1
DA:5,1
DA:14,1
DA:15,1
DA:19,1
DA:22,1
DA:34,1
LF:7
LH:7
BRF:0
BRH:0
end_of_record
TN:
SF:models\users.js
FN:6,(anonymous_0)
FN:13,(anonymous_1)
FNF:2
FNH:2
FNDA:1,(anonymous_0)
FNDA:1,(anonymous_1)
DA:2,1
DA:5,1
DA:6,1
DA:15,1
DA:16,1
DA:17,1
DA:18,1
DA:21,1
DA:46,1
LF:9
LH:9
BRF:0
BRH:0
end_of_record
TN:
SF:routes\categoriesRoute.js
FNF:0
FNH:0
DA:1,1
DA:2,1
DA:3,1
DA:4,1
DA:5,1
DA:6,1
DA:7,1
DA:9,1
DA:10,1
DA:11,1
DA:12,1
DA:14,1
LF:12
LH:12
BRF:0
BRH:0
end_of_record
TN:
SF:routes\index.js
FNF:0
FNH:0
DA:1,1
DA:2,1
DA:3,1
DA:4,1
DA:5,1
DA:6,1
DA:7,1
DA:8,1
DA:9,1
DA:10,1
DA:12,1
DA:13,1
DA:14,1
DA:15,1
DA:16,1
DA:17,1
DA:18,1
DA:20,1
LF:18
LH:18
BRF:0
BRH:0
end_of_record
TN:
SF:routes\limitsRoute.js
FNF:0
FNH:0
DA:1,1
DA:2,1
DA:3,1
DA:4,1
DA:5,1
DA:7,1
DA:8,1
DA:9,1
DA:10,1
DA:11,1
DA:13,1
LF:11
LH:11
BRF:0
BRH:0
end_of_record
TN:
SF:routes\profilesRoute.js
FNF:0
FNH:0
DA:1,1
DA:2,1
DA:3,1
DA:4,1
DA:5,1
DA:7,1
DA:8,1
DA:9,1
DA:11,1
LF:9
LH:9
BRF:0
BRH:0
end_of_record
TN:
SF:routes\reportsRoute.js
FNF:0
FNH:0
DA:1,1
DA:2,1
DA:3,1
DA:4,1
DA:6,1
DA:7,1
DA:9,1
LF:7
LH:7
BRF:0
BRH:0
end_of_record
TN:
SF:routes\safesRoutes.js
FNF:0
FNH:0
DA:1,1
DA:2,1
DA:3,1
DA:4,1
DA:5,1
DA:6,1
DA:7,1
DA:9,1
DA:10,1
DA:11,1
DA:12,1
DA:14,1
LF:12
LH:12
BRF:0
BRH:0
end_of_record
TN:
SF:routes\transactionsRoute.js
FNF:0
FNH:0
DA:1,1
DA:2,1
DA:3,1
DA:4,1
DA:5,1
DA:6,1
DA:8,1
DA:9,1
DA:10,1
DA:11,1
DA:12,1
DA:13,1
DA:15,1
LF:13
LH:13
BRF:0
BRH:0
end_of_record
TN:
SF:routes\usersRoute.js
FN:17,(anonymous_0)
FN:29,(anonymous_1)
FNF:2
FNH:0
FNDA:0,(anonymous_0)
FNDA:0,(anonymous_1)
DA:1,1
DA:2,1
DA:3,1
DA:4,1
DA:5,1
DA:6,1
DA:8,1
DA:9,1
DA:10,1
DA:11,1
DA:12,1
DA:13,1
DA:17,1
DA:18,0
DA:20,1
DA:25,1
DA:29,1
DA:30,0
DA:32,1
DA:38,1
LF:20
LH:18
BRF:0
BRH:0
end_of_record
